TN:
SF:src\app.bootstrap.ts
FN:10,normalizeOrigin
FN:14,buildCorsOptions
FN:17,(anonymous_2)
FN:31,(anonymous_3)
FN:43,createApp
FN:55,(anonymous_5)
FN:58,(anonymous_6)
FNF:7
FNH:0
FNDA:0,normalizeOrigin
FNDA:0,buildCorsOptions
FNDA:0,(anonymous_2)
FNDA:0,(anonymous_3)
FNDA:0,createApp
FNDA:0,(anonymous_5)
FNDA:0,(anonymous_6)
DA:1,0
DA:2,0
DA:3,0
DA:4,0
DA:6,0
DA:7,0
DA:8,0
DA:11,0
DA:15,0
DA:17,0
DA:20,0
DA:21,0
DA:27,0
DA:29,0
DA:32,0
DA:33,0
DA:34,0
DA:37,0
DA:38,0
DA:43,0
DA:44,0
DA:45,0
DA:46,0
DA:48,0
DA:50,0
DA:56,0
DA:58,0
DA:66,0
DA:68,0
DA:75,0
DA:76,0
DA:78,0
LF:32
LH:0
BRDA:15,0,0,0
BRDA:15,0,1,0
BRDA:20,1,0,0
BRDA:20,1,1,0
BRDA:20,2,0,0
BRDA:20,2,1,0
BRDA:32,3,0,0
BRDA:32,3,1,0
BRF:8
BRH:0
end_of_record
TN:
SF:src\app.module.ts
FNF:0
FNH:0
DA:1,0
DA:2,0
DA:3,0
DA:4,0
DA:5,0
DA:6,0
DA:7,0
DA:8,0
DA:9,0
DA:10,0
DA:11,0
DA:12,0
DA:13,0
DA:14,0
DA:15,0
DA:16,0
DA:17,0
DA:18,0
DA:19,0
DA:20,0
DA:21,0
DA:22,0
DA:23,0
DA:24,0
DA:25,0
DA:26,0
DA:27,0
DA:28,0
DA:29,0
DA:30,0
DA:31,0
DA:32,0
DA:33,0
DA:34,0
DA:89,0
LF:35
LH:0
BRF:0
BRH:0
end_of_record
TN:
SF:src\health.controller.ts
FN:8,(anonymous_2)
FN:15,(anonymous_3)
FN:24,(anonymous_4)
FN:35,(anonymous_5)
FN:46,(anonymous_6)
FNF:5
FNH:0
FNDA:0,(anonymous_2)
FNDA:0,(anonymous_3)
FNDA:0,(anonymous_4)
FNDA:0,(anonymous_5)
FNDA:0,(anonymous_6)
DA:1,0
DA:2,0
DA:3,0
DA:4,0
DA:7,0
DA:9,0
DA:10,0
DA:15,0
DA:16,0
DA:24,0
DA:25,0
DA:26,0
DA:27,0
DA:29,0
DA:35,0
DA:36,0
DA:37,0
DA:46,0
DA:47,0
DA:48,0
LF:20
LH:0
BRDA:38,0,0,0
BRDA:38,0,1,0
BRDA:49,1,0,0
BRDA:49,1,1,0
BRF:4
BRH:0
end_of_record
TN:
SF:src\main.ts
FN:5,bootstrap
FNF:1
FNH:0
FNDA:0,bootstrap
DA:1,0
DA:2,0
DA:3,0
DA:8,0
DA:9,0
DA:10,0
DA:11,0
DA:12,0
DA:15,0
LF:9
LH:0
BRF:0
BRH:0
end_of_record
TN:
SF:src\common\auth\access-scope.ts
FN:23,unique
FN:27,combineWhere
FN:38,withChurchScope
FN:46,resolveServantSelfScope
FN:59,resolveCoordinatorSectorIds
FN:80,(anonymous_5)
FN:82,(anonymous_6)
FN:83,(anonymous_7)
FN:87,getRoleBaselineSectorIds
FN:94,loadActorScopeContext
FN:144,(anonymous_10)
FN:145,(anonymous_11)
FN:150,(anonymous_12)
FN:151,(anonymous_13)
FN:159,(anonymous_14)
FN:163,getCurrentUserScope
FN:174,getRoleBaselineServantWhere
FN:202,getRoleBaselineScheduleWhere
FN:221,getRoleBaselineSectorWhere
FN:236,getRoleBaselineTeamWhere
FN:251,getScopeServantWhere
FN:280,getScopeScheduleWhere
FN:300,getScopeAttendanceWhere
FN:331,getScopePastoralWhere
FN:362,getScopeSectorWhere
FN:378,getScopeTeamWhere
FN:398,getScopeUserWhere
FN:417,resolveScopedSectorIds
FN:427,(anonymous_28)
FN:434,(anonymous_29)
FN:437,resolveScopedMinistryIds
FN:441,getServantAccessWhere
FN:453,getScheduleAccessWhere
FN:465,getAttendanceAccessWhere
FN:495,getPastoralVisitAccessWhere
FN:525,getMinistryAccessWhere
FN:537,getTeamAccessWhere
FN:549,getUserAccessWhere
FN:557,assertMinistryAccess
FN:573,assertTeamAccess
FN:585,assertServantAccess
FN:597,hasPermissionOverride
FNF:42
FNH:6
FNDA:6,unique
FNDA:0,combineWhere
FNDA:4,withChurchScope
FNDA:0,resolveServantSelfScope
FNDA:0,resolveCoordinatorSectorIds
FNDA:0,(anonymous_5)
FNDA:0,(anonymous_6)
FNDA:0,(anonymous_7)
FNDA:4,getRoleBaselineSectorIds
FNDA:4,loadActorScopeContext
FNDA:0,(anonymous_10)
FNDA:0,(anonymous_11)
FNDA:0,(anonymous_12)
FNDA:0,(anonymous_13)
FNDA:0,(anonymous_14)
FNDA:0,getCurrentUserScope
FNDA:0,getRoleBaselineServantWhere
FNDA:0,getRoleBaselineScheduleWhere
FNDA:0,getRoleBaselineSectorWhere
FNDA:0,getRoleBaselineTeamWhere
FNDA:0,getScopeServantWhere
FNDA:0,getScopeScheduleWhere
FNDA:0,getScopeAttendanceWhere
FNDA:0,getScopePastoralWhere
FNDA:0,getScopeSectorWhere
FNDA:0,getScopeTeamWhere
FNDA:4,getScopeUserWhere
FNDA:0,resolveScopedSectorIds
FNDA:0,(anonymous_28)
FNDA:0,(anonymous_29)
FNDA:0,resolveScopedMinistryIds
FNDA:0,getServantAccessWhere
FNDA:0,getScheduleAccessWhere
FNDA:0,getAttendanceAccessWhere
FNDA:0,getPastoralVisitAccessWhere
FNDA:0,getMinistryAccessWhere
FNDA:0,getTeamAccessWhere
FNDA:4,getUserAccessWhere
FNDA:0,assertMinistryAccess
FNDA:0,assertTeamAccess
FNDA:0,assertServantAccess
FNDA:0,hasPermissionOverride
DA:1,3
DA:2,3
DA:15,3
DA:16,3
DA:17,3
DA:18,3
DA:19,3
DA:20,3
DA:21,3
DA:24,6
DA:28,0
DA:29,0
DA:31,0
DA:32,0
DA:35,0
DA:39,4
DA:40,4
DA:42,0
DA:43,0
DA:46,3
DA:47,0
DA:48,0
DA:51,0
DA:56,0
DA:59,3
DA:60,0
DA:61,0
DA:64,0
DA:79,0
DA:80,0
DA:82,0
DA:83,0
DA:88,4
DA:89,0
DA:91,4
DA:95,4
DA:115,4
DA:117,4
DA:123,4
DA:124,1
DA:133,3
DA:134,3
DA:136,3
DA:142,3
DA:144,0
DA:145,0
DA:148,3
DA:150,0
DA:151,0
DA:154,3
DA:159,0
DA:163,3
DA:164,0
DA:165,0
DA:178,0
DA:179,0
DA:182,0
DA:183,0
DA:186,0
DA:187,0
DA:188,0
DA:191,0
DA:199,0
DA:206,0
DA:207,0
DA:210,0
DA:211,0
DA:214,0
DA:215,0
DA:218,0
DA:222,0
DA:223,0
DA:226,0
DA:227,0
DA:228,0
DA:230,0
DA:233,0
DA:240,0
DA:241,0
DA:244,0
DA:245,0
DA:248,0
DA:252,0
DA:253,0
DA:256,0
DA:257,0
DA:260,0
DA:261,0
DA:262,0
DA:265,0
DA:273,0
DA:274,0
DA:277,0
DA:281,0
DA:282,0
DA:285,0
DA:286,0
DA:289,0
DA:290,0
DA:293,0
DA:294,0
DA:297,0
DA:301,0
DA:302,0
DA:305,0
DA:306,0
DA:309,0
DA:310,0
DA:311,0
DA:314,0
DA:324,0
DA:325,0
DA:328,0
DA:332,0
DA:333,0
DA:336,0
DA:337,0
DA:340,0
DA:341,0
DA:342,0
DA:345,0
DA:355,0
DA:356,0
DA:359,0
DA:363,0
DA:364,0
DA:367,0
DA:368,0
DA:371,0
DA:372,0
DA:375,0
DA:379,0
DA:380,0
DA:383,0
DA:384,0
DA:387,0
DA:388,0
DA:391,0
DA:392,0
DA:395,0
DA:399,4
DA:400,4
DA:403,0
DA:404,0
DA:407,0
DA:408,0
DA:409,0
DA:412,0
DA:417,3
DA:418,0
DA:419,0
DA:421,0
DA:422,0
DA:423,0
DA:425,0
DA:426,0
DA:427,0
DA:430,0
DA:434,0
DA:437,3
DA:438,0
DA:441,3
DA:445,0
DA:446,0
DA:447,0
DA:453,3
DA:457,0
DA:458,0
DA:459,0
DA:465,3
DA:469,0
DA:470,0
DA:471,0
DA:495,3
DA:499,0
DA:500,0
DA:501,0
DA:525,3
DA:529,0
DA:530,0
DA:531,0
DA:537,3
DA:541,0
DA:542,0
DA:543,0
DA:549,3
DA:553,4
DA:554,4
DA:557,3
DA:558,0
DA:559,0
DA:560,0
DA:563,0
DA:568,0
DA:569,0
DA:573,3
DA:574,0
DA:575,0
DA:580,0
DA:581,0
DA:585,3
DA:586,0
DA:587,0
DA:592,0
DA:593,0
DA:597,3
DA:602,0
DA:603,0
LF:208
LH:45
BRDA:21,0,0,3
BRDA:21,0,1,0
BRDA:28,1,0,0
BRDA:28,1,1,0
BRDA:31,2,0,0
BRDA:31,2,1,0
BRDA:39,3,0,4
BRDA:39,3,1,0
BRDA:47,4,0,0
BRDA:47,4,1,0
BRDA:56,5,0,0
BRDA:56,5,1,0
BRDA:60,6,0,0
BRDA:60,6,1,0
BRDA:81,7,0,0
BRDA:81,7,1,0
BRDA:88,8,0,0
BRDA:88,8,1,4
BRDA:117,9,0,0
BRDA:117,9,1,4
BRDA:119,10,0,0
BRDA:119,10,1,4
BRDA:123,11,0,1
BRDA:123,11,1,3
BRDA:128,12,0,1
BRDA:128,12,1,1
BRDA:133,13,0,3
BRDA:133,13,1,2
BRDA:134,14,0,3
BRDA:134,14,1,2
BRDA:136,15,0,0
BRDA:136,15,1,3
BRDA:138,16,0,0
BRDA:138,16,1,3
BRDA:140,17,0,3
BRDA:140,17,1,2
BRDA:158,18,0,3
BRDA:158,18,1,3
BRDA:158,18,2,3
BRDA:178,19,0,0
BRDA:178,19,1,0
BRDA:178,20,0,0
BRDA:178,20,1,0
BRDA:178,20,2,0
BRDA:182,21,0,0
BRDA:182,21,1,0
BRDA:183,22,0,0
BRDA:183,22,1,0
BRDA:186,23,0,0
BRDA:186,23,1,0
BRDA:187,24,0,0
BRDA:187,24,1,0
BRDA:206,25,0,0
BRDA:206,25,1,0
BRDA:206,26,0,0
BRDA:206,26,1,0
BRDA:206,26,2,0
BRDA:210,27,0,0
BRDA:210,27,1,0
BRDA:211,28,0,0
BRDA:211,28,1,0
BRDA:214,29,0,0
BRDA:214,29,1,0
BRDA:215,30,0,0
BRDA:215,30,1,0
BRDA:222,31,0,0
BRDA:222,31,1,0
BRDA:222,32,0,0
BRDA:222,32,1,0
BRDA:222,32,2,0
BRDA:226,33,0,0
BRDA:226,33,1,0
BRDA:227,34,0,0
BRDA:227,34,1,0
BRDA:240,35,0,0
BRDA:240,35,1,0
BRDA:240,36,0,0
BRDA:240,36,1,0
BRDA:240,36,2,0
BRDA:244,37,0,0
BRDA:244,37,1,0
BRDA:245,38,0,0
BRDA:245,38,1,0
BRDA:252,39,0,0
BRDA:252,39,1,0
BRDA:256,40,0,0
BRDA:256,40,1,0
BRDA:257,41,0,0
BRDA:257,41,1,0
BRDA:260,42,0,0
BRDA:260,42,1,0
BRDA:261,43,0,0
BRDA:261,43,1,0
BRDA:273,44,0,0
BRDA:273,44,1,0
BRDA:274,45,0,0
BRDA:274,45,1,0
BRDA:281,46,0,0
BRDA:281,46,1,0
BRDA:285,47,0,0
BRDA:285,47,1,0
BRDA:286,48,0,0
BRDA:286,48,1,0
BRDA:289,49,0,0
BRDA:289,49,1,0
BRDA:290,50,0,0
BRDA:290,50,1,0
BRDA:293,51,0,0
BRDA:293,51,1,0
BRDA:294,52,0,0
BRDA:294,52,1,0
BRDA:301,53,0,0
BRDA:301,53,1,0
BRDA:305,54,0,0
BRDA:305,54,1,0
BRDA:306,55,0,0
BRDA:306,55,1,0
BRDA:309,56,0,0
BRDA:309,56,1,0
BRDA:310,57,0,0
BRDA:310,57,1,0
BRDA:324,58,0,0
BRDA:324,58,1,0
BRDA:325,59,0,0
BRDA:325,59,1,0
BRDA:332,60,0,0
BRDA:332,60,1,0
BRDA:336,61,0,0
BRDA:336,61,1,0
BRDA:337,62,0,0
BRDA:337,62,1,0
BRDA:340,63,0,0
BRDA:340,63,1,0
BRDA:341,64,0,0
BRDA:341,64,1,0
BRDA:355,65,0,0
BRDA:355,65,1,0
BRDA:356,66,0,0
BRDA:356,66,1,0
BRDA:363,67,0,0
BRDA:363,67,1,0
BRDA:367,68,0,0
BRDA:367,68,1,0
BRDA:371,69,0,0
BRDA:371,69,1,0
BRDA:371,70,0,0
BRDA:371,70,1,0
BRDA:372,71,0,0
BRDA:372,71,1,0
BRDA:379,72,0,0
BRDA:379,72,1,0
BRDA:383,73,0,0
BRDA:383,73,1,0
BRDA:387,74,0,0
BRDA:387,74,1,0
BRDA:388,75,0,0
BRDA:388,75,1,0
BRDA:391,76,0,0
BRDA:391,76,1,0
BRDA:392,77,0,0
BRDA:392,77,1,0
BRDA:399,78,0,4
BRDA:399,78,1,0
BRDA:403,79,0,0
BRDA:403,79,1,0
BRDA:408,80,0,0
BRDA:408,80,1,0
BRDA:408,81,0,0
BRDA:408,81,1,0
BRDA:425,82,0,0
BRDA:425,82,1,0
BRDA:473,83,0,0
BRDA:473,83,1,0
BRDA:473,84,0,0
BRDA:473,84,1,0
BRDA:473,84,2,0
BRDA:475,85,0,0
BRDA:475,85,1,0
BRDA:476,86,0,0
BRDA:476,86,1,0
BRDA:479,87,0,0
BRDA:479,87,1,0
BRDA:503,88,0,0
BRDA:503,88,1,0
BRDA:503,89,0,0
BRDA:503,89,1,0
BRDA:503,89,2,0
BRDA:505,90,0,0
BRDA:505,90,1,0
BRDA:506,91,0,0
BRDA:506,91,1,0
BRDA:509,92,0,0
BRDA:509,92,1,0
BRDA:559,93,0,0
BRDA:559,93,1,0
BRDA:568,94,0,0
BRDA:568,94,1,0
BRDA:576,95,0,0
BRDA:576,95,1,0
BRDA:580,96,0,0
BRDA:580,96,1,0
BRDA:588,97,0,0
BRDA:588,97,1,0
BRDA:592,98,0,0
BRDA:592,98,1,0
BRDA:603,99,0,0
BRDA:603,99,1,0
BRF:207
BRH:21
end_of_record
TN:
SF:src\common\auth\role-access.ts
FN:17,hasRoleAccess
FN:19,(anonymous_1)
FNF:2
FNH:0
FNDA:0,hasRoleAccess
FNDA:0,(anonymous_1)
DA:1,0
DA:3,0
DA:17,0
DA:18,0
DA:19,0
LF:5
LH:0
BRDA:18,0,0,0
BRDA:18,0,1,0
BRF:2
BRH:0
end_of_record
TN:
SF:src\common\cache\cache.module.ts
FNF:0
FNH:0
DA:1,0
DA:2,0
DA:9,0
LF:3
LH:0
BRF:0
BRH:0
end_of_record
TN:
SF:src\common\cache\cache.service.ts
FN:9,(anonymous_1)
FN:12,(anonymous_2)
FN:24,(anonymous_3)
FN:31,(anonymous_4)
FNF:4
FNH:0
FNDA:0,(anonymous_1)
FNDA:0,(anonymous_2)
FNDA:0,(anonymous_3)
FNDA:0,(anonymous_4)
DA:1,1
DA:9,1
DA:10,0
DA:13,0
DA:14,0
DA:15,0
DA:17,0
DA:18,0
DA:19,0
DA:21,0
DA:25,0
DA:32,0
DA:33,0
DA:34,0
LF:14
LH:2
BRDA:14,0,0,0
BRDA:14,0,1,0
BRDA:17,1,0,0
BRDA:17,1,1,0
BRDA:24,2,0,0
BRDA:33,3,0,0
BRDA:33,3,1,0
BRF:7
BRH:0
end_of_record
TN:
SF:src\common\decorators\allow-password-change-required.decorator.ts
FN:4,(anonymous_0)
FNF:1
FNH:0
FNDA:0,(anonymous_0)
DA:1,0
DA:3,0
DA:4,0
DA:5,0
LF:4
LH:0
BRF:0
BRH:0
end_of_record
TN:
SF:src\common\decorators\current-user.decorator.ts
FN:5,(anonymous_0)
FNF:1
FNH:0
FNDA:0,(anonymous_0)
DA:1,1
DA:4,1
DA:6,0
DA:7,0
LF:4
LH:2
BRF:0
BRH:0
end_of_record
TN:
SF:src\common\decorators\public.decorator.ts
FN:4,(anonymous_0)
FNF:1
FNH:0
FNDA:0,(anonymous_0)
DA:1,0
DA:3,0
DA:4,0
LF:3
LH:0
BRF:0
BRH:0
end_of_record
TN:
SF:src\common\decorators\roles.decorator.ts
FN:5,(anonymous_0)
FNF:1
FNH:1
FNDA:5,(anonymous_0)
DA:1,1
DA:4,1
DA:5,5
LF:3
LH:3
BRF:0
BRH:0
end_of_record
TN:
SF:src\common\events\event-bus.service.ts
FN:9,(anonymous_2)
FN:11,(anonymous_3)
FN:20,(anonymous_4)
FNF:3
FNH:0
FNDA:0,(anonymous_2)
FNDA:0,(anonymous_3)
FNDA:0,(anonymous_4)
DA:1,4
DA:2,4
DA:6,4
DA:7,0
DA:9,0
DA:15,0
DA:16,0
DA:17,0
DA:21,0
DA:23,0
DA:30,0
DA:31,0
DA:32,0
DA:34,0
LF:14
LH:3
BRDA:15,0,0,0
BRDA:15,0,1,0
BRDA:21,1,0,0
BRDA:21,1,1,0
BRDA:26,2,0,0
BRDA:26,2,1,0
BRDA:27,3,0,0
BRDA:27,3,1,0
BRF:8
BRH:0
end_of_record
TN:
SF:src\common\events\events.module.ts
FNF:0
FNH:0
DA:1,0
DA:2,0
DA:9,0
LF:3
LH:0
BRF:0
BRH:0
end_of_record
TN:
SF:src\common\filters\all-exceptions.filter.ts
FN:12,(anonymous_1)
FNF:1
FNH:0
FNDA:0,(anonymous_1)
DA:1,0
DA:11,0
DA:13,0
DA:14,0
DA:15,0
DA:18,0
DA:22,0
DA:24,0
DA:28,0
DA:29,0
DA:31,0
DA:41,0
DA:43,0
LF:13
LH:0
BRDA:18,0,0,0
BRDA:18,0,1,0
BRDA:22,1,0,0
BRDA:22,1,1,0
BRDA:24,2,0,0
BRDA:24,2,1,0
BRDA:24,3,0,0
BRDA:24,3,1,0
BRDA:31,4,0,0
BRDA:31,4,1,0
BRDA:33,5,0,0
BRDA:33,5,1,0
BRDA:35,6,0,0
BRDA:35,6,1,0
BRDA:37,7,0,0
BRDA:37,7,1,0
BRDA:47,8,0,0
BRDA:47,8,1,0
BRDA:47,8,2,0
BRDA:47,8,3,0
BRDA:47,8,4,0
BRDA:50,9,0,0
BRDA:50,9,1,0
BRDA:50,10,0,0
BRDA:50,10,1,0
BRDA:50,10,2,0
BRDA:53,11,0,0
BRDA:53,11,1,0
BRDA:57,12,0,0
BRDA:57,12,1,0
BRDA:58,13,0,0
BRDA:58,13,1,0
BRF:32
BRH:0
end_of_record
TN:
SF:src\common\guards\church-scope.guard.ts
FN:8,(anonymous_2)
FN:10,(anonymous_3)
FNF:2
FNH:0
FNDA:0,(anonymous_2)
FNDA:0,(anonymous_3)
DA:1,0
DA:2,0
DA:3,0
DA:7,0
DA:8,0
DA:11,0
DA:16,0
DA:17,0
DA:20,0
DA:24,0
DA:25,0
DA:26,0
DA:29,0
DA:30,0
DA:32,0
DA:33,0
DA:36,0
LF:17
LH:0
BRDA:16,0,0,0
BRDA:16,0,1,0
BRDA:24,1,0,0
BRDA:24,1,1,0
BRDA:25,2,0,0
BRDA:25,2,1,0
BRDA:30,3,0,0
BRDA:30,3,1,0
BRDA:32,4,0,0
BRDA:32,4,1,0
BRDA:32,5,0,0
BRDA:32,5,1,0
BRF:12
BRH:0
end_of_record
TN:
SF:src\common\guards\jwt-auth.guard.ts
FN:8,(anonymous_2)
FN:12,(anonymous_3)
FNF:2
FNH:0
FNDA:0,(anonymous_2)
FNDA:0,(anonymous_3)
DA:1,0
DA:2,0
DA:3,0
DA:4,0
DA:7,0
DA:8,0
DA:9,0
DA:13,0
DA:18,0
DA:19,0
DA:22,0
LF:11
LH:0
BRDA:18,0,0,0
BRDA:18,0,1,0
BRF:2
BRH:0
end_of_record
TN:
SF:src\common\guards\password-change-required.guard.ts
FN:9,(anonymous_2)
FN:11,(anonymous_3)
FNF:2
FNH:0
FNDA:0,(anonymous_2)
FNDA:0,(anonymous_3)
DA:1,0
DA:2,0
DA:4,0
DA:5,0
DA:8,0
DA:9,0
DA:12,0
DA:16,0
DA:17,0
DA:20,0
DA:21,0
DA:22,0
DA:23,0
DA:26,0
DA:31,0
DA:32,0
DA:35,0
LF:17
LH:0
BRDA:16,0,0,0
BRDA:16,0,1,0
BRDA:22,1,0,0
BRDA:22,1,1,0
BRDA:22,2,0,0
BRDA:22,2,1,0
BRDA:31,3,0,0
BRDA:31,3,1,0
BRF:8
BRH:0
end_of_record
TN:
SF:src\common\guards\roles.guard.ts
FN:16,(anonymous_2)
FN:18,(anonymous_3)
FNF:2
FNH:0
FNDA:0,(anonymous_2)
FNDA:0,(anonymous_3)
DA:1,0
DA:7,0
DA:9,0
DA:10,0
DA:11,0
DA:15,0
DA:16,0
DA:19,0
DA:24,0
DA:25,0
DA:28,0
DA:33,0
DA:34,0
DA:37,0
DA:38,0
DA:40,0
DA:41,0
DA:44,0
LF:18
LH:0
BRDA:24,0,0,0
BRDA:24,0,1,0
BRDA:33,1,0,0
BRDA:33,1,1,0
BRDA:33,2,0,0
BRDA:33,2,1,0
BRDA:40,3,0,0
BRDA:40,3,1,0
BRDA:40,4,0,0
BRDA:40,4,1,0
BRF:10
BRH:0
end_of_record
TN:
SF:src\common\log\log.module.ts
FNF:0
FNH:0
DA:1,0
DA:2,0
DA:9,0
LF:3
LH:0
BRF:0
BRH:0
end_of_record
TN:
SF:src\common\log\log.service.ts
FN:7,(anonymous_1)
FN:11,(anonymous_2)
FN:15,(anonymous_3)
FN:19,(anonymous_4)
FN:23,(anonymous_5)
FN:27,(anonymous_6)
FNF:6
FNH:0
FNDA:0,(anonymous_1)
FNDA:0,(anonymous_2)
FNDA:0,(anonymous_3)
FNDA:0,(anonymous_4)
FNDA:0,(anonymous_5)
FNDA:0,(anonymous_6)
DA:1,4
DA:6,4
DA:8,0
DA:12,0
DA:16,0
DA:20,0
DA:24,0
DA:34,0
LF:8
LH:2
BRDA:12,0,0,0
BRDA:12,0,1,0
BRDA:38,1,0,0
BRDA:38,1,1,0
BRDA:40,2,0,0
BRDA:40,2,1,0
BRF:6
BRH:0
end_of_record
TN:
SF:src\common\utils\date.utils.ts
FN:1,monthRange
FNF:1
FNH:0
FNDA:0,monthRange
DA:1,0
DA:2,0
DA:3,0
DA:4,0
LF:4
LH:0
BRF:0
BRH:0
end_of_record
TN:
SF:src\common\utils\planning-window.utils.ts
FN:11,parseSaoPauloDateStart
FN:15,parseSaoPauloDateEnd
FN:19,formatDateOnlyInSaoPaulo
FN:27,(anonymous_3)
FN:28,(anonymous_4)
FN:29,(anonymous_5)
FN:33,getSaoPauloWeekday
FN:52,resolvePlanningWindow
FNF:8
FNH:3
FNDA:6,parseSaoPauloDateStart
FNDA:6,parseSaoPauloDateEnd
FNDA:0,formatDateOnlyInSaoPaulo
FNDA:0,(anonymous_3)
FNDA:0,(anonymous_4)
FNDA:0,(anonymous_5)
FNDA:8,getSaoPauloWeekday
FNDA:0,resolvePlanningWindow
DA:9,1
DA:11,1
DA:12,6
DA:15,1
DA:16,6
DA:19,1
DA:20,0
DA:27,0
DA:28,0
DA:29,0
DA:30,0
DA:33,1
DA:34,8
DA:39,8
DA:49,8
DA:52,1
DA:53,0
DA:54,0
DA:60,0
DA:61,0
DA:63,0
DA:64,0
DA:67,0
DA:68,0
DA:69,0
DA:70,0
DA:73,0
DA:74,0
DA:75,0
DA:76,0
DA:79,0
DA:83,0
DA:84,0
DA:85,0
DA:86,0
LF:35
LH:11
BRDA:27,0,0,0
BRDA:27,0,1,0
BRDA:28,1,0,0
BRDA:28,1,1,0
BRDA:29,2,0,0
BRDA:29,2,1,0
BRDA:49,3,0,8
BRDA:49,3,1,0
BRDA:53,4,0,0
BRDA:53,4,1,0
BRDA:55,5,0,0
BRDA:55,5,1,0
BRDA:56,6,0,0
BRDA:56,6,1,0
BRDA:63,7,0,0
BRDA:63,7,1,0
BRDA:67,8,0,0
BRDA:67,8,1,0
BRDA:73,9,0,0
BRDA:73,9,1,0
BRDA:83,10,0,0
BRDA:83,10,1,0
BRDA:83,11,0,0
BRDA:83,11,1,0
BRF:24
BRH:1
end_of_record
TN:
SF:src\config\app.config.ts
FNF:0
FNH:0
DA:1,0
LF:1
LH:0
BRDA:2,0,0,0
BRDA:2,0,1,0
BRDA:3,1,0,0
BRDA:3,1,1,0
BRDA:4,2,0,0
BRDA:4,2,1,0
BRDA:5,3,0,0
BRDA:5,3,1,0
BRF:8
BRH:0
end_of_record
TN:
SF:src\modules\attendances\attendances.controller.ts
FN:17,(anonymous_4)
FN:21,(anonymous_5)
FN:27,(anonymous_6)
FN:33,(anonymous_7)
FN:39,(anonymous_8)
FNF:5
FNH:0
FNDA:0,(anonymous_4)
FNDA:0,(anonymous_5)
FNDA:0,(anonymous_6)
FNDA:0,(anonymous_7)
FNDA:0,(anonymous_8)
DA:1,0
DA:2,0
DA:3,0
DA:4,0
DA:5,0
DA:7,0
DA:8,0
DA:9,0
DA:10,0
DA:11,0
DA:16,0
DA:17,0
DA:21,0
DA:22,0
DA:27,0
DA:28,0
DA:33,0
DA:34,0
DA:39,0
DA:44,0
LF:20
LH:0
BRF:0
BRH:0
end_of_record
TN:
SF:src\modules\attendances\attendances.module.ts
FNF:0
FNH:0
DA:1,0
DA:2,0
DA:3,0
DA:4,0
DA:5,0
DA:13,0
LF:6
LH:0
BRF:0
BRH:0
end_of_record
TN:
SF:src\modules\attendances\attendances.service.ts
FN:27,(anonymous_2)
FN:34,(anonymous_3)
FN:58,(anonymous_4)
FN:127,(anonymous_5)
FN:145,(anonymous_6)
FN:187,(anonymous_7)
FN:202,(anonymous_8)
FN:241,(anonymous_9)
FN:288,(anonymous_10)
FN:296,(anonymous_11)
FN:318,(anonymous_12)
FN:352,(anonymous_13)
FNF:12
FNH:0
FNDA:0,(anonymous_2)
FNDA:0,(anonymous_3)
FNDA:0,(anonymous_4)
FNDA:0,(anonymous_5)
FNDA:0,(anonymous_6)
FNDA:0,(anonymous_7)
FNDA:0,(anonymous_8)
FNDA:0,(anonymous_9)
FNDA:0,(anonymous_10)
FNDA:0,(anonymous_11)
FNDA:0,(anonymous_12)
FNDA:0,(anonymous_13)
DA:1,0
DA:2,0
DA:10,0
DA:15,0
DA:16,0
DA:18,0
DA:19,0
DA:26,0
DA:28,0
DA:29,0
DA:30,0
DA:31,0
DA:35,0
DA:36,0
DA:43,0
DA:45,0
DA:59,0
DA:60,0
DA:61,0
DA:63,0
DA:92,0
DA:93,0
DA:94,0
DA:101,0
DA:109,0
DA:122,0
DA:124,0
DA:128,0
DA:130,0
DA:131,0
DA:132,0
DA:139,0
DA:146,0
DA:147,0
DA:148,0
DA:151,0
DA:152,0
DA:154,0
DA:165,0
DA:166,0
DA:167,0
DA:174,0
DA:182,0
DA:184,0
DA:188,0
DA:193,0
DA:194,0
DA:197,0
DA:198,0
DA:203,0
DA:204,0
DA:205,0
DA:207,0
DA:217,0
DA:224,0
DA:225,0
DA:226,0
DA:227,0
DA:229,0
DA:232,0
DA:242,0
DA:247,0
DA:248,0
DA:252,0
DA:258,0
DA:259,0
DA:262,0
DA:271,0
DA:272,0
DA:275,0
DA:289,0
DA:290,0
DA:293,0
DA:301,0
DA:302,0
DA:311,0
DA:312,0
DA:325,0
DA:326,0
DA:334,0
DA:335,0
DA:358,0
DA:361,0
DA:365,0
LF:84
LH:0
BRDA:43,0,0,0
BRDA:43,0,1,0
BRDA:71,1,0,0
BRDA:71,1,1,0
BRDA:80,2,0,0
BRDA:80,2,1,0
BRDA:147,3,0,0
BRDA:147,3,1,0
BRDA:157,4,0,0
BRDA:157,4,1,0
BRDA:193,5,0,0
BRDA:193,5,1,0
BRDA:197,6,0,0
BRDA:197,6,1,0
BRDA:226,7,0,0
BRDA:226,7,1,0
BRDA:247,8,0,0
BRDA:247,8,1,0
BRDA:252,9,0,0
BRDA:252,9,1,0
BRDA:254,10,0,0
BRDA:254,10,1,0
BRDA:258,11,0,0
BRDA:258,11,1,0
BRDA:271,12,0,0
BRDA:271,12,1,0
BRDA:280,13,0,0
BRDA:280,13,1,0
BRDA:289,14,0,0
BRDA:289,14,1,0
BRDA:289,15,0,0
BRDA:289,15,1,0
BRDA:303,16,0,0
BRDA:303,16,1,0
BRDA:311,17,0,0
BRDA:311,17,1,0
BRDA:325,18,0,0
BRDA:325,18,1,0
BRDA:334,19,0,0
BRDA:334,19,1,0
BRDA:337,20,0,0
BRDA:337,20,1,0
BRDA:358,21,0,0
BRDA:358,21,1,0
BRDA:361,22,0,0
BRDA:361,22,1,0
BRF:46
BRH:0
end_of_record
TN:
SF:src\modules\attendances\dto\batch-attendance.dto.ts
FN:17,(anonymous_2)
FNF:1
FNH:0
FNDA:0,(anonymous_2)
DA:1,0
DA:2,0
DA:3,0
DA:4,0
DA:6,0
DA:17,0
DA:18,0
LF:7
LH:0
BRF:0
BRH:0
end_of_record
TN:
SF:src\modules\attendances\dto\check-in.dto.ts
FNF:0
FNH:0
DA:1,0
DA:2,0
DA:3,0
DA:5,0
DA:8,0
DA:12,0
DA:16,0
DA:21,0
DA:26,0
LF:9
LH:0
BRF:0
BRH:0
end_of_record
TN:
SF:src\modules\attendances\dto\list-attendances-query.dto.ts
FNF:0
FNH:0
DA:1,0
DA:2,0
DA:3,0
DA:5,0
DA:9,0
DA:14,0
DA:19,0
LF:7
LH:0
BRF:0
BRH:0
end_of_record
TN:
SF:src\modules\attendances\dto\update-attendance.dto.ts
FNF:0
FNH:0
DA:1,0
DA:2,0
DA:3,0
DA:5,0
DA:9,0
DA:14,0
DA:19,0
LF:7
LH:0
BRF:0
BRH:0
end_of_record
TN:
SF:src\modules\audit\audit-log.service.ts
FN:7,(anonymous_2)
FN:11,(anonymous_3)
FNF:2
FNH:0
FNDA:0,(anonymous_2)
FNDA:0,(anonymous_3)
DA:1,0
DA:3,0
DA:6,0
DA:7,0
DA:9,0
DA:12,0
LF:6
LH:0
BRDA:11,0,0,0
BRF:1
BRH:0
end_of_record
TN:
SF:src\modules\audit\audit.controller.ts
FN:14,(anonymous_4)
FN:17,(anonymous_5)
FNF:2
FNH:0
FNDA:0,(anonymous_4)
FNDA:0,(anonymous_5)
DA:1,0
DA:2,0
DA:3,0
DA:4,0
DA:5,0
DA:7,0
DA:13,0
DA:14,0
DA:17,0
DA:18,0
DA:19,0
LF:11
LH:0
BRDA:18,0,0,0
BRDA:18,0,1,0
BRF:2
BRH:0
end_of_record
TN:
SF:src\modules\audit\audit.module.ts
FNF:0
FNH:0
DA:1,0
DA:2,0
DA:3,0
DA:4,0
DA:11,0
LF:5
LH:0
BRF:0
BRH:0
end_of_record
TN:
SF:src\modules\audit\audit.service.ts
FN:8,(anonymous_2)
FN:10,(anonymous_3)
FN:36,(anonymous_4)
FN:56,(anonymous_5)
FNF:4
FNH:0
FNDA:0,(anonymous_2)
FNDA:0,(anonymous_3)
FNDA:0,(anonymous_4)
FNDA:0,(anonymous_5)
DA:1,4
DA:2,4
DA:3,4
DA:7,4
DA:8,0
DA:19,0
DA:20,0
DA:22,0
DA:37,0
DA:55,0
DA:56,0
DA:62,0
LF:12
LH:4
BRDA:19,0,0,0
BRDA:19,0,1,0
BRDA:20,1,0,0
BRDA:20,1,1,0
BRDA:20,1,2,0
BRDA:29,2,0,0
BRDA:29,2,1,0
BRDA:30,3,0,0
BRDA:30,3,1,0
BRDA:36,4,0,0
BRDA:39,5,0,0
BRDA:39,5,1,0
BRDA:55,6,0,0
BRDA:55,6,1,0
BRF:14
BRH:0
end_of_record
TN:
SF:src\modules\auth\auth.controller.ts
FN:17,(anonymous_4)
FN:21,(anonymous_5)
FN:27,(anonymous_6)
FN:34,(anonymous_7)
FN:40,(anonymous_8)
FN:46,(anonymous_9)
FN:53,(anonymous_10)
FN:60,(anonymous_11)
FNF:8
FNH:0
FNDA:0,(anonymous_4)
FNDA:0,(anonymous_5)
FNDA:0,(anonymous_6)
FNDA:0,(anonymous_7)
FNDA:0,(anonymous_8)
FNDA:0,(anonymous_9)
FNDA:0,(anonymous_10)
FNDA:0,(anonymous_11)
DA:1,0
DA:2,0
DA:3,0
DA:4,0
DA:5,0
DA:6,0
DA:7,0
DA:8,0
DA:9,0
DA:10,0
DA:11,0
DA:16,0
DA:17,0
DA:21,0
DA:22,0
DA:27,0
DA:28,0
DA:34,0
DA:35,0
DA:40,0
DA:41,0
DA:46,0
DA:47,0
DA:53,0
DA:54,0
DA:60,0
DA:61,0
LF:27
LH:0
BRF:0
BRH:0
end_of_record
TN:
SF:src\modules\auth\auth.module.ts
FN:17,(anonymous_1)
FNF:1
FNH:0
FNDA:0,(anonymous_1)
DA:1,0
DA:2,0
DA:3,0
DA:4,0
DA:5,0
DA:6,0
DA:7,0
DA:8,0
DA:17,0
DA:26,0
LF:10
LH:0
BRF:0
BRH:0
end_of_record
TN:
SF:src\modules\auth\auth.service.ts
FN:24,(anonymous_2)
FN:32,(anonymous_3)
FN:89,(anonymous_4)
FN:131,(anonymous_5)
FN:165,(anonymous_6)
FN:201,(anonymous_7)
FN:229,(anonymous_8)
FN:263,(anonymous_9)
FN:347,(anonymous_10)
FN:348,(anonymous_11)
FN:354,(anonymous_12)
FN:355,(anonymous_13)
FN:387,(anonymous_14)
FN:397,(anonymous_15)
FN:407,(anonymous_16)
FN:465,(anonymous_17)
FN:520,(anonymous_18)
FN:540,(anonymous_19)
FN:587,(anonymous_20)
FN:625,(anonymous_21)
FNF:20
FNH:0
FNDA:0,(anonymous_2)
FNDA:0,(anonymous_3)
FNDA:0,(anonymous_4)
FNDA:0,(anonymous_5)
FNDA:0,(anonymous_6)
FNDA:0,(anonymous_7)
FNDA:0,(anonymous_8)
FNDA:0,(anonymous_9)
FNDA:0,(anonymous_10)
FNDA:0,(anonymous_11)
FNDA:0,(anonymous_12)
FNDA:0,(anonymous_13)
FNDA:0,(anonymous_14)
FNDA:0,(anonymous_15)
FNDA:0,(anonymous_16)
FNDA:0,(anonymous_17)
FNDA:0,(anonymous_18)
FNDA:0,(anonymous_19)
FNDA:0,(anonymous_20)
FNDA:0,(anonymous_21)
DA:1,0
DA:7,0
DA:8,0
DA:9,0
DA:10,0
DA:11,0
DA:12,0
DA:13,0
DA:14,0
DA:23,0
DA:25,0
DA:26,0
DA:27,0
DA:28,0
DA:29,0
DA:33,0
DA:48,0
DA:49,0
DA:52,0
DA:53,0
DA:56,0
DA:57,0
DA:58,0
DA:61,0
DA:66,0
DA:75,0
DA:86,0
DA:90,0
DA:91,0
DA:105,0
DA:106,0
DA:109,0
DA:110,0
DA:113,0
DA:119,0
DA:120,0
DA:123,0
DA:128,0
DA:132,0
DA:134,0
DA:135,0
DA:138,0
DA:143,0
DA:144,0
DA:147,0
DA:152,0
DA:162,0
DA:166,0
DA:171,0
DA:172,0
DA:175,0
DA:176,0
DA:177,0
DA:180,0
DA:181,0
DA:182,0
DA:185,0
DA:187,0
DA:198,0
DA:202,0
DA:206,0
DA:207,0
DA:210,0
DA:211,0
DA:212,0
DA:214,0
DA:224,0
DA:226,0
DA:230,0
DA:231,0
DA:232,0
DA:235,0
DA:237,0
DA:252,0
DA:260,0
DA:264,0
DA:339,0
DA:344,0
DA:347,0
DA:348,0
DA:351,0
DA:354,0
DA:355,0
DA:359,0
DA:387,0
DA:398,0
DA:399,0
DA:403,0
DA:415,0
DA:423,0
DA:428,0
DA:431,0
DA:440,0
DA:451,0
DA:453,0
DA:460,0
DA:462,0
DA:466,0
DA:467,0
DA:477,0
DA:478,0
DA:488,0
DA:489,0
DA:499,0
DA:500,0
DA:510,0
DA:521,0
DA:522,0
DA:524,0
DA:525,0
DA:528,0
DA:530,0
DA:532,0
DA:534,0
DA:536,0
DA:545,0
DA:546,0
DA:555,0
DA:556,0
DA:557,0
DA:558,0
DA:565,0
DA:568,0
DA:577,0
DA:578,0
DA:579,0
DA:580,0
DA:584,0
DA:588,0
DA:589,0
DA:590,0
DA:598,0
DA:599,0
DA:600,0
DA:601,0
DA:606,0
DA:615,0
DA:616,0
DA:617,0
DA:618,0
DA:622,0
DA:626,0
DA:627,0
DA:628,0
DA:631,0
LF:145
LH:0
BRDA:48,0,0,0
BRDA:48,0,1,0
BRDA:48,1,0,0
BRDA:48,1,1,0
BRDA:52,2,0,0
BRDA:52,2,1,0
BRDA:52,3,0,0
BRDA:52,3,1,0
BRDA:57,4,0,0
BRDA:57,4,1,0
BRDA:82,5,0,0
BRDA:82,5,1,0
BRDA:105,6,0,0
BRDA:105,6,1,0
BRDA:105,7,0,0
BRDA:105,7,1,0
BRDA:109,8,0,0
BRDA:109,8,1,0
BRDA:109,9,0,0
BRDA:109,9,1,0
BRDA:119,10,0,0
BRDA:119,10,1,0
BRDA:134,11,0,0
BRDA:134,11,1,0
BRDA:134,12,0,0
BRDA:134,12,1,0
BRDA:143,13,0,0
BRDA:143,13,1,0
BRDA:171,14,0,0
BRDA:171,14,1,0
BRDA:171,15,0,0
BRDA:171,15,1,0
BRDA:176,16,0,0
BRDA:176,16,1,0
BRDA:181,17,0,0
BRDA:181,17,1,0
BRDA:206,18,0,0
BRDA:206,18,1,0
BRDA:231,19,0,0
BRDA:231,19,1,0
BRDA:339,20,0,0
BRDA:339,20,1,0
BRDA:339,20,2,0
BRDA:339,20,3,0
BRDA:347,21,0,0
BRDA:347,21,1,0
BRDA:347,21,2,0
BRDA:354,22,0,0
BRDA:354,22,1,0
BRDA:354,22,2,0
BRDA:368,23,0,0
BRDA:368,23,1,0
BRDA:368,23,2,0
BRDA:369,24,0,0
BRDA:369,24,1,0
BRDA:369,24,2,0
BRDA:375,25,0,0
BRDA:375,25,1,0
BRDA:381,26,0,0
BRDA:381,26,1,0
BRDA:384,27,0,0
BRDA:384,27,1,0
BRDA:419,28,0,0
BRDA:419,28,1,0
BRDA:420,29,0,0
BRDA:420,29,1,0
BRDA:465,30,0,0
BRDA:466,31,0,0
BRDA:466,31,1,0
BRDA:477,32,0,0
BRDA:477,32,1,0
BRDA:488,33,0,0
BRDA:488,33,1,0
BRDA:499,34,0,0
BRDA:499,34,1,0
BRDA:524,35,0,0
BRDA:524,35,1,0
BRDA:528,36,0,0
BRDA:528,36,1,0
BRDA:528,36,2,0
BRDA:528,36,3,0
BRDA:545,37,0,0
BRDA:545,37,1,0
BRDA:555,38,0,0
BRDA:555,38,1,0
BRDA:557,39,0,0
BRDA:557,39,1,0
BRDA:579,40,0,0
BRDA:579,40,1,0
BRDA:589,41,0,0
BRDA:589,41,1,0
BRDA:598,42,0,0
BRDA:598,42,1,0
BRDA:600,43,0,0
BRDA:600,43,1,0
BRDA:617,44,0,0
BRDA:617,44,1,0
BRDA:627,45,0,0
BRDA:627,45,1,0
BRDA:627,46,0,0
BRDA:627,46,1,0
BRF:101
BRH:0
end_of_record
TN:
SF:src\modules\auth\dto\change-password.dto.ts
FNF:0
FNH:0
DA:1,0
DA:2,0
DA:4,0
DA:7,0
DA:12,0
LF:5
LH:0
BRF:0
BRH:0
end_of_record
TN:
SF:src\modules\auth\dto\forgot-password.dto.ts
FNF:0
FNH:0
DA:1,0
DA:2,0
DA:4,0
DA:7,0
LF:4
LH:0
BRF:0
BRH:0
end_of_record
TN:
SF:src\modules\auth\dto\login.dto.ts
FNF:0
FNH:0
DA:1,0
DA:2,0
DA:4,0
DA:7,0
DA:12,0
LF:5
LH:0
BRF:0
BRH:0
end_of_record
TN:
SF:src\modules\auth\dto\refresh-token.dto.ts
FNF:0
FNH:0
DA:1,0
DA:2,0
DA:4,0
DA:7,0
LF:4
LH:0
BRF:0
BRH:0
end_of_record
TN:
SF:src\modules\auth\dto\reset-password.dto.ts
FNF:0
FNH:0
DA:1,0
DA:2,0
DA:4,0
DA:7,0
DA:12,0
LF:5
LH:0
BRF:0
BRH:0
end_of_record
TN:
SF:src\modules\auth\strategies\jwt.strategy.ts
FN:11,(anonymous_2)
FN:22,(anonymous_3)
FNF:2
FNH:0
FNDA:0,(anonymous_2)
FNDA:0,(anonymous_3)
DA:1,0
DA:2,0
DA:3,0
DA:4,0
DA:5,0
DA:7,0
DA:10,0
DA:13,0
DA:15,0
DA:23,0
DA:36,0
DA:37,0
DA:40,0
DA:41,0
DA:44,0
LF:15
LH:0
BRDA:36,0,0,0
BRDA:36,0,1,0
BRDA:36,1,0,0
BRDA:36,1,1,0
BRDA:40,2,0,0
BRDA:40,2,1,0
BRDA:40,3,0,0
BRDA:40,3,1,0
BRF:8
BRH:0
end_of_record
TN:
SF:src\modules\dashboard\dashboard.controller.ts
FN:14,(anonymous_4)
FN:17,(anonymous_5)
FN:22,(anonymous_6)
FNF:3
FNH:0
FNDA:0,(anonymous_4)
FNDA:0,(anonymous_5)
FNDA:0,(anonymous_6)
DA:1,0
DA:2,0
DA:3,0
DA:4,0
DA:5,0
DA:7,0
DA:13,0
DA:14,0
DA:17,0
DA:18,0
DA:22,0
DA:23,0
LF:12
LH:0
BRF:0
BRH:0
end_of_record
TN:
SF:src\modules\dashboard\dashboard.module.ts
FNF:0
FNH:0
DA:1,0
DA:2,0
DA:3,0
DA:9,0
LF:4
LH:0
BRF:0
BRH:0
end_of_record
TN:
SF:src\modules\dashboard\dashboard.service.ts
FN:15,(anonymous_2)
FN:20,(anonymous_3)
FN:112,(anonymous_4)
FN:118,(anonymous_5)
FN:130,(anonymous_6)
FNF:5
FNH:0
FNDA:0,(anonymous_2)
FNDA:0,(anonymous_3)
FNDA:0,(anonymous_4)
FNDA:0,(anonymous_5)
FNDA:0,(anonymous_6)
DA:1,0
DA:2,0
DA:3,0
DA:4,0
DA:10,0
DA:14,0
DA:16,0
DA:17,0
DA:21,0
DA:22,0
DA:23,0
DA:24,0
DA:27,0
DA:28,0
DA:29,0
DA:30,0
DA:45,0
DA:105,0
DA:107,0
DA:112,0
DA:118,0
DA:126,0
DA:127,0
DA:131,0
DA:133,0
LF:25
LH:0
BRDA:23,0,0,0
BRDA:23,0,1,0
BRDA:49,1,0,0
BRDA:49,1,1,0
BRDA:58,2,0,0
BRDA:58,2,1,0
BRDA:64,3,0,0
BRDA:64,3,1,0
BRDA:72,4,0,0
BRDA:72,4,1,0
BRDA:81,5,0,0
BRDA:81,5,1,0
BRDA:97,6,0,0
BRDA:97,6,1,0
BRDA:105,7,0,0
BRDA:105,7,1,0
BRDA:136,8,0,0
BRDA:136,8,1,0
BRF:18
BRH:0
end_of_record
TN:
SF:src\modules\journey\journey.controller.ts
FN:13,(anonymous_4)
FN:15,(anonymous_5)
FN:28,(anonymous_6)
FN:35,(anonymous_7)
FN:42,(anonymous_8)
FN:49,(anonymous_9)
FN:56,(anonymous_10)
FNF:7
FNH:4
FNDA:1,(anonymous_4)
FNDA:3,(anonymous_5)
FNDA:2,(anonymous_6)
FNDA:1,(anonymous_7)
FNDA:0,(anonymous_8)
FNDA:0,(anonymous_9)
FNDA:0,(anonymous_10)
DA:1,1
DA:2,1
DA:3,1
DA:4,1
DA:5,1
DA:7,1
DA:12,1
DA:13,1
DA:16,3
DA:17,1
DA:19,2
DA:20,2
DA:21,1
DA:23,1
DA:28,1
DA:29,2
DA:30,1
DA:35,1
DA:36,1
DA:37,0
DA:42,1
DA:43,0
DA:44,0
DA:49,1
DA:50,0
DA:51,0
DA:56,1
DA:57,0
DA:58,0
LF:29
LH:22
BRDA:16,0,0,1
BRDA:16,0,1,2
BRDA:20,1,0,1
BRDA:20,1,1,1
BRDA:30,2,0,1
BRDA:30,2,1,0
BRDA:37,3,0,0
BRDA:37,3,1,0
BRDA:44,4,0,0
BRDA:44,4,1,0
BRDA:51,5,0,0
BRDA:51,5,1,0
BRDA:58,6,0,0
BRDA:58,6,1,0
BRF:14
BRH:5
end_of_record
TN:
SF:src\modules\journey\journey.module.ts
FNF:0
FNH:0
DA:1,0
DA:2,0
DA:3,0
DA:10,0
LF:4
LH:0
BRF:0
BRH:0
end_of_record
TN:
SF:src\modules\journey\journey.service.ts
FN:60,(anonymous_2)
FN:65,(anonymous_3)
FN:66,(anonymous_4)
FN:84,(anonymous_5)
FN:104,(anonymous_6)
FN:126,(anonymous_7)
FN:142,(anonymous_8)
FN:184,(anonymous_9)
FN:202,(anonymous_10)
FN:221,(anonymous_11)
FN:246,(anonymous_12)
FN:258,(anonymous_13)
FN:272,(anonymous_14)
FN:282,(anonymous_15)
FN:288,(anonymous_16)
FN:324,(anonymous_17)
FN:347,(anonymous_18)
FN:403,(anonymous_19)
FN:414,(anonymous_20)
FN:474,(anonymous_21)
FN:486,(anonymous_22)
FN:489,(anonymous_23)
FN:520,(anonymous_24)
FN:531,(anonymous_25)
FN:539,(anonymous_26)
FN:564,(anonymous_27)
FN:568,(anonymous_28)
FN:575,(anonymous_29)
FN:595,(anonymous_30)
FN:606,(anonymous_31)
FN:628,(anonymous_32)
FN:631,(anonymous_33)
FNF:32
FNH:0
FNDA:0,(anonymous_2)
FNDA:0,(anonymous_3)
FNDA:0,(anonymous_4)
FNDA:0,(anonymous_5)
FNDA:0,(anonymous_6)
FNDA:0,(anonymous_7)
FNDA:0,(anonymous_8)
FNDA:0,(anonymous_9)
FNDA:0,(anonymous_10)
FNDA:0,(anonymous_11)
FNDA:0,(anonymous_12)
FNDA:0,(anonymous_13)
FNDA:0,(anonymous_14)
FNDA:0,(anonymous_15)
FNDA:0,(anonymous_16)
FNDA:0,(anonymous_17)
FNDA:0,(anonymous_18)
FNDA:0,(anonymous_19)
FNDA:0,(anonymous_20)
FNDA:0,(anonymous_21)
FNDA:0,(anonymous_22)
FNDA:0,(anonymous_23)
FNDA:0,(anonymous_24)
FNDA:0,(anonymous_25)
FNDA:0,(anonymous_26)
FNDA:0,(anonymous_27)
FNDA:0,(anonymous_28)
FNDA:0,(anonymous_29)
FNDA:0,(anonymous_30)
FNDA:0,(anonymous_31)
FNDA:0,(anonymous_32)
FNDA:0,(anonymous_33)
DA:1,1
DA:2,1
DA:3,1
DA:4,1
DA:25,1
DA:42,1
DA:59,1
DA:61,0
DA:62,0
DA:66,0
DA:67,0
DA:68,0
DA:69,0
DA:70,0
DA:71,0
DA:73,0
DA:84,0
DA:85,0
DA:86,0
DA:87,0
DA:91,0
DA:93,0
DA:104,0
DA:105,0
DA:106,0
DA:107,0
DA:109,0
DA:113,0
DA:115,0
DA:126,0
DA:127,0
DA:128,0
DA:129,0
DA:131,0
DA:142,0
DA:143,0
DA:144,0
DA:145,0
DA:146,0
DA:148,0
DA:149,0
DA:159,0
DA:168,0
DA:171,0
DA:172,0
DA:184,0
DA:185,0
DA:186,0
DA:187,0
DA:188,0
DA:199,0
DA:203,0
DA:210,0
DA:222,0
DA:223,0
DA:226,0
DA:232,0
DA:247,0
DA:248,0
DA:250,0
DA:258,0
DA:273,0
DA:274,0
DA:279,0
DA:283,0
DA:284,0
DA:285,0
DA:297,0
DA:299,0
DA:300,0
DA:304,0
DA:307,0
DA:319,0
DA:320,0
DA:321,0
DA:325,0
DA:329,0
DA:331,0
DA:335,0
DA:337,0
DA:338,0
DA:348,0
DA:374,0
DA:375,0
DA:377,0
DA:404,0
DA:405,0
DA:409,0
DA:410,0
DA:415,0
DA:416,0
DA:424,0
DA:426,0
DA:442,0
DA:446,0
DA:447,0
DA:448,0
DA:452,0
DA:454,0
DA:458,0
DA:471,0
DA:475,0
DA:479,0
DA:480,0
DA:481,0
DA:482,0
DA:483,0
DA:484,0
DA:486,0
DA:490,0
DA:496,0
DA:498,0
DA:499,0
DA:500,0
DA:501,0
DA:502,0
DA:503,0
DA:505,0
DA:517,0
DA:521,0
DA:522,0
DA:532,0
DA:533,0
DA:534,0
DA:535,0
DA:536,0
DA:546,0
DA:548,0
DA:549,0
DA:565,0
DA:566,0
DA:568,0
DA:569,0
DA:570,0
DA:572,0
DA:585,0
DA:586,0
DA:587,0
DA:589,0
DA:590,0
DA:592,0
DA:593,0
DA:595,0
DA:596,0
DA:597,0
DA:599,0
DA:600,0
DA:603,0
DA:607,0
DA:617,0
DA:618,0
DA:619,0
DA:620,0
DA:621,0
DA:622,0
DA:623,0
DA:624,0
DA:625,0
DA:628,0
DA:632,0
DA:633,0
DA:634,0
DA:635,0
DA:636,0
DA:637,0
LF:165
LH:7
BRDA:67,0,0,0
BRDA:67,0,1,0
BRDA:68,1,0,0
BRDA:68,1,1,0
BRDA:69,2,0,0
BRDA:69,2,1,0
BRDA:70,3,0,0
BRDA:70,3,1,0
BRDA:71,4,0,0
BRDA:71,4,1,0
BRDA:71,5,0,0
BRDA:71,5,1,0
BRDA:75,6,0,0
BRDA:75,6,1,0
BRDA:85,7,0,0
BRDA:85,7,1,0
BRDA:86,8,0,0
BRDA:86,8,1,0
BRDA:91,9,0,0
BRDA:91,9,1,0
BRDA:95,10,0,0
BRDA:95,10,1,0
BRDA:105,11,0,0
BRDA:105,11,1,0
BRDA:106,12,0,0
BRDA:106,12,1,0
BRDA:107,13,0,0
BRDA:107,13,1,0
BRDA:107,14,0,0
BRDA:107,14,1,0
BRDA:113,15,0,0
BRDA:113,15,1,0
BRDA:117,16,0,0
BRDA:117,16,1,0
BRDA:127,17,0,0
BRDA:127,17,1,0
BRDA:128,18,0,0
BRDA:128,18,1,0
BRDA:129,19,0,0
BRDA:129,19,1,0
BRDA:133,20,0,0
BRDA:133,20,1,0
BRDA:136,21,0,0
BRDA:136,21,1,0
BRDA:137,22,0,0
BRDA:137,22,1,0
BRDA:143,23,0,0
BRDA:143,23,1,0
BRDA:144,24,0,0
BRDA:144,24,1,0
BRDA:145,25,0,0
BRDA:145,25,1,0
BRDA:146,26,0,0
BRDA:146,26,1,0
BRDA:148,27,0,0
BRDA:148,27,1,0
BRDA:148,28,0,0
BRDA:148,28,1,0
BRDA:148,28,2,0
BRDA:151,29,0,0
BRDA:151,29,1,0
BRDA:161,30,0,0
BRDA:161,30,1,0
BRDA:171,31,0,0
BRDA:171,31,1,0
BRDA:171,32,0,0
BRDA:171,32,1,0
BRDA:174,33,0,0
BRDA:174,33,1,0
BRDA:185,34,0,0
BRDA:185,34,1,0
BRDA:186,35,0,0
BRDA:186,35,1,0
BRDA:187,36,0,0
BRDA:187,36,1,0
BRDA:187,37,0,0
BRDA:187,37,1,0
BRDA:190,38,0,0
BRDA:190,38,1,0
BRDA:299,39,0,0
BRDA:299,39,1,0
BRDA:304,40,0,0
BRDA:304,40,1,0
BRDA:315,41,0,0
BRDA:315,41,1,0
BRDA:329,42,0,0
BRDA:329,42,1,0
BRDA:335,43,0,0
BRDA:335,43,1,0
BRDA:337,44,0,0
BRDA:337,44,1,0
BRDA:341,45,0,0
BRDA:341,45,1,0
BRDA:374,46,0,0
BRDA:374,46,1,0
BRDA:381,47,0,0
BRDA:381,47,1,0
BRDA:388,48,0,0
BRDA:388,48,1,0
BRDA:391,49,0,0
BRDA:391,49,1,0
BRDA:398,50,0,0
BRDA:398,50,1,0
BRDA:409,51,0,0
BRDA:409,51,1,0
BRDA:424,52,0,0
BRDA:424,52,1,0
BRDA:447,53,0,0
BRDA:447,53,1,0
BRDA:452,54,0,0
BRDA:452,54,1,0
BRDA:464,55,0,0
BRDA:464,55,1,0
BRDA:481,56,0,0
BRDA:481,56,1,0
BRDA:483,57,0,0
BRDA:483,57,1,0
BRDA:486,58,0,0
BRDA:486,58,1,0
BRDA:496,59,0,0
BRDA:496,59,1,0
BRDA:498,60,0,0
BRDA:498,60,1,0
BRDA:532,61,0,0
BRDA:532,61,1,0
BRDA:533,62,0,0
BRDA:533,62,1,0
BRDA:534,63,0,0
BRDA:534,63,1,0
BRDA:535,64,0,0
BRDA:535,64,1,0
BRDA:548,65,0,0
BRDA:548,65,1,0
BRDA:548,66,0,0
BRDA:548,66,1,0
BRDA:548,67,0,0
BRDA:548,67,1,0
BRDA:554,68,0,0
BRDA:554,68,1,0
BRDA:556,69,0,0
BRDA:556,69,1,0
BRDA:558,70,0,0
BRDA:558,70,1,0
BRDA:565,71,0,0
BRDA:565,71,1,0
BRDA:569,72,0,0
BRDA:569,72,1,0
BRDA:569,73,0,0
BRDA:569,73,1,0
BRDA:586,74,0,0
BRDA:586,74,1,0
BRDA:589,75,0,0
BRDA:589,75,1,0
BRDA:592,76,0,0
BRDA:592,76,1,0
BRDA:596,77,0,0
BRDA:596,77,1,0
BRDA:596,78,0,0
BRDA:596,78,1,0
BRDA:599,79,0,0
BRDA:599,79,1,0
BRDA:619,80,0,0
BRDA:619,80,1,0
BRDA:620,81,0,0
BRDA:620,81,1,0
BRDA:620,82,0,0
BRDA:620,82,1,0
BRDA:622,83,0,0
BRDA:622,83,1,0
BRDA:623,84,0,0
BRDA:623,84,1,0
BRDA:624,85,0,0
BRDA:624,85,1,0
BRDA:624,86,0,0
BRDA:624,86,1,0
BRDA:628,87,0,0
BRDA:628,87,1,0
BRF:177
BRH:0
end_of_record
TN:
SF:src\modules\me\me.controller.ts
FN:21,(anonymous_4)
FN:24,(anonymous_5)
FN:29,(anonymous_6)
FN:35,(anonymous_7)
FN:40,(anonymous_8)
FN:45,(anonymous_9)
FN:51,(anonymous_10)
FN:56,(anonymous_11)
FN:61,(anonymous_12)
FN:66,(anonymous_13)
FN:72,(anonymous_14)
FN:78,(anonymous_15)
FN:84,(anonymous_16)
FNF:13
FNH:0
FNDA:0,(anonymous_4)
FNDA:0,(anonymous_5)
FNDA:0,(anonymous_6)
FNDA:0,(anonymous_7)
FNDA:0,(anonymous_8)
FNDA:0,(anonymous_9)
FNDA:0,(anonymous_10)
FNDA:0,(anonymous_11)
FNDA:0,(anonymous_12)
FNDA:0,(anonymous_13)
FNDA:0,(anonymous_14)
FNDA:0,(anonymous_15)
FNDA:0,(anonymous_16)
DA:1,0
DA:2,0
DA:3,0
DA:4,0
DA:5,0
DA:6,0
DA:8,0
DA:9,0
DA:10,0
DA:11,0
DA:12,0
DA:13,0
DA:14,0
DA:15,0
DA:20,0
DA:21,0
DA:24,0
DA:25,0
DA:29,0
DA:30,0
DA:35,0
DA:36,0
DA:40,0
DA:41,0
DA:45,0
DA:46,0
DA:51,0
DA:52,0
DA:56,0
DA:57,0
DA:61,0
DA:62,0
DA:66,0
DA:67,0
DA:72,0
DA:73,0
DA:78,0
DA:79,0
DA:84,0
DA:89,0
LF:40
LH:0
BRF:0
BRH:0
end_of_record
TN:
SF:src\modules\me\me.module.ts
FNF:0
FNH:0
DA:1,0
DA:2,0
DA:3,0
DA:4,0
DA:5,0
DA:12,0
LF:6
LH:0
BRF:0
BRH:0
end_of_record
TN:
SF:src\modules\me\me.service.ts
FN:33,(anonymous_2)
FN:40,(anonymous_3)
FN:116,(anonymous_4)
FN:153,(anonymous_5)
FN:178,(anonymous_6)
FN:204,(anonymous_7)
FN:224,(anonymous_8)
FN:243,(anonymous_9)
FN:266,(anonymous_10)
FN:323,(anonymous_11)
FN:350,(anonymous_12)
FN:401,(anonymous_13)
FN:405,(anonymous_14)
FN:410,(anonymous_15)
FN:419,(anonymous_16)
FN:429,(anonymous_17)
FN:446,(anonymous_18)
FN:449,(anonymous_19)
FN:462,(anonymous_20)
FN:497,(anonymous_21)
FN:587,(anonymous_22)
FN:604,(anonymous_23)
FN:616,(anonymous_24)
FNF:23
FNH:0
FNDA:0,(anonymous_2)
FNDA:0,(anonymous_3)
FNDA:0,(anonymous_4)
FNDA:0,(anonymous_5)
FNDA:0,(anonymous_6)
FNDA:0,(anonymous_7)
FNDA:0,(anonymous_8)
FNDA:0,(anonymous_9)
FNDA:0,(anonymous_10)
FNDA:0,(anonymous_11)
FNDA:0,(anonymous_12)
FNDA:0,(anonymous_13)
FNDA:0,(anonymous_14)
FNDA:0,(anonymous_15)
FNDA:0,(anonymous_16)
FNDA:0,(anonymous_17)
FNDA:0,(anonymous_18)
FNDA:0,(anonymous_19)
FNDA:0,(anonymous_20)
FNDA:0,(anonymous_21)
FNDA:0,(anonymous_22)
FNDA:0,(anonymous_23)
FNDA:0,(anonymous_24)
DA:1,0
DA:7,0
DA:17,0
DA:18,0
DA:19,0
DA:20,0
DA:24,0
DA:32,0
DA:34,0
DA:35,0
DA:36,0
DA:37,0
DA:41,0
DA:79,0
DA:80,0
DA:83,0
DA:117,0
DA:118,0
DA:119,0
DA:122,0
DA:123,0
DA:126,0
DA:135,0
DA:136,0
DA:139,0
DA:140,0
DA:148,0
DA:149,0
DA:153,0
DA:154,0
DA:164,0
DA:165,0
DA:175,0
DA:179,0
DA:180,0
DA:188,0
DA:189,0
DA:192,0
DA:193,0
DA:194,0
DA:197,0
DA:198,0
DA:199,0
DA:202,0
DA:204,0
DA:205,0
DA:213,0
DA:219,0
DA:225,0
DA:227,0
DA:236,0
DA:237,0
DA:240,0
DA:244,0
DA:245,0
DA:247,0
DA:263,0
DA:267,0
DA:269,0
DA:270,0
DA:271,0
DA:273,0
DA:274,0
DA:289,0
DA:290,0
DA:293,0
DA:322,0
DA:323,0
DA:351,0
DA:353,0
DA:354,0
DA:356,0
DA:371,0
DA:392,0
DA:402,0
DA:406,0
DA:407,0
DA:411,0
DA:413,0
DA:418,0
DA:419,0
DA:430,0
DA:431,0
DA:433,0
DA:434,0
DA:435,0
DA:436,0
DA:444,0
DA:446,0
DA:447,0
DA:448,0
DA:449,0
DA:459,0
DA:463,0
DA:464,0
DA:466,0
DA:470,0
DA:473,0
DA:474,0
DA:475,0
DA:478,0
DA:489,0
DA:490,0
DA:493,0
DA:494,0
DA:497,0
DA:498,0
DA:527,0
DA:536,0
DA:546,0
DA:549,0
DA:563,0
DA:576,0
DA:588,0
DA:593,0
DA:594,0
DA:597,0
DA:598,0
DA:601,0
DA:605,0
DA:606,0
DA:609,0
DA:610,0
DA:613,0
DA:617,0
DA:618,0
LF:126
LH:0
BRDA:79,0,0,0
BRDA:79,0,1,0
BRDA:92,1,0,0
BRDA:92,1,1,0
BRDA:93,2,0,0
BRDA:93,2,1,0
BRDA:94,3,0,0
BRDA:94,3,1,0
BRDA:95,4,0,0
BRDA:95,4,1,0
BRDA:96,5,0,0
BRDA:96,5,1,0
BRDA:97,6,0,0
BRDA:97,6,1,0
BRDA:98,7,0,0
BRDA:98,7,1,0
BRDA:103,8,0,0
BRDA:103,8,1,0
BRDA:108,9,0,0
BRDA:108,9,1,0
BRDA:118,10,0,0
BRDA:118,10,1,0
BRDA:118,11,0,0
BRDA:118,11,1,0
BRDA:122,12,0,0
BRDA:122,12,1,0
BRDA:135,13,0,0
BRDA:135,13,1,0
BRDA:139,14,0,0
BRDA:139,14,1,0
BRDA:139,15,0,0
BRDA:139,15,1,0
BRDA:148,16,0,0
BRDA:148,16,1,0
BRDA:164,17,0,0
BRDA:164,17,1,0
BRDA:164,18,0,0
BRDA:164,18,1,0
BRDA:188,19,0,0
BRDA:188,19,1,0
BRDA:193,20,0,0
BRDA:193,20,1,0
BRDA:198,21,0,0
BRDA:198,21,1,0
BRDA:236,22,0,0
BRDA:236,22,1,0
BRDA:253,23,0,0
BRDA:253,23,1,0
BRDA:269,24,0,0
BRDA:269,24,1,0
BRDA:270,25,0,0
BRDA:270,25,1,0
BRDA:271,26,0,0
BRDA:271,26,1,0
BRDA:277,27,0,0
BRDA:277,27,1,0
BRDA:278,28,0,0
BRDA:278,28,1,0
BRDA:281,29,0,0
BRDA:281,29,1,0
BRDA:289,30,0,0
BRDA:289,30,1,0
BRDA:289,31,0,0
BRDA:289,31,1,0
BRDA:289,31,2,0
BRDA:327,32,0,0
BRDA:327,32,1,0
BRDA:328,33,0,0
BRDA:328,33,1,0
BRDA:346,34,0,0
BRDA:346,34,1,0
BRDA:353,35,0,0
BRDA:353,35,1,0
BRDA:354,36,0,0
BRDA:354,36,1,0
BRDA:359,37,0,0
BRDA:359,37,1,0
BRDA:360,38,0,0
BRDA:360,38,1,0
BRDA:363,39,0,0
BRDA:363,39,1,0
BRDA:397,40,0,0
BRDA:397,40,1,0
BRDA:440,41,0,0
BRDA:440,41,1,0
BRDA:466,42,0,0
BRDA:466,42,1,0
BRDA:467,43,0,0
BRDA:467,43,1,0
BRDA:474,44,0,0
BRDA:474,44,1,0
BRDA:474,45,0,0
BRDA:474,45,1,0
BRDA:489,46,0,0
BRDA:489,46,1,0
BRDA:493,47,0,0
BRDA:493,47,1,0
BRDA:503,48,0,0
BRDA:503,48,1,0
BRDA:505,49,0,0
BRDA:505,49,1,0
BRDA:531,50,0,0
BRDA:531,50,1,0
BRDA:540,51,0,0
BRDA:540,51,1,0
BRDA:551,52,0,0
BRDA:551,52,1,0
BRDA:559,53,0,0
BRDA:559,53,1,0
BRDA:565,54,0,0
BRDA:565,54,1,0
BRDA:593,55,0,0
BRDA:593,55,1,0
BRDA:597,56,0,0
BRDA:597,56,1,0
BRDA:605,57,0,0
BRDA:605,57,1,0
BRDA:609,58,0,0
BRDA:609,58,1,0
BRDA:617,59,0,0
BRDA:617,59,1,0
BRF:121
BRH:0
end_of_record
TN:
SF:src\modules\me\dto\my-schedules-query.dto.ts
FN:18,(anonymous_2)
FN:40,(anonymous_3)
FN:47,(anonymous_4)
FNF:3
FNH:0
FNDA:0,(anonymous_2)
FNDA:0,(anonymous_3)
FNDA:0,(anonymous_4)
DA:1,0
DA:2,0
DA:3,0
DA:5,0
DA:9,0
DA:14,0
DA:19,0
DA:20,0
DA:23,0
DA:24,0
DA:25,0
DA:26,0
DA:28,0
DA:29,0
DA:33,0
DA:36,0
DA:40,0
DA:43,0
DA:47,0
DA:51,0
LF:20
LH:0
BRDA:19,0,0,0
BRDA:19,0,1,0
BRDA:23,1,0,0
BRDA:23,1,1,0
BRDA:25,2,0,0
BRDA:25,2,1,0
BRDA:28,3,0,0
BRDA:28,3,1,0
BRF:8
BRH:0
end_of_record
TN:
SF:src\modules\me\dto\put-my-availability.dto.ts
FN:32,(anonymous_2)
FNF:1
FNH:0
FNDA:0,(anonymous_2)
DA:1,0
DA:2,0
DA:3,0
DA:4,0
DA:6,0
DA:11,0
DA:15,0
DA:19,0
DA:24,0
DA:27,0
DA:32,0
DA:33,0
LF:12
LH:0
BRF:0
BRH:0
end_of_record
TN:
SF:src\modules\me\dto\respond-my-schedule.dto.ts
FNF:0
FNH:0
DA:1,0
DA:2,0
DA:3,0
DA:5,0
DA:8,0
DA:14,0
LF:6
LH:0
BRF:0
BRH:0
end_of_record
TN:
SF:src\modules\me\dto\update-me.dto.ts
FN:8,(anonymous_2)
FN:16,(anonymous_3)
FN:22,(anonymous_4)
FN:29,(anonymous_5)
FN:36,(anonymous_6)
FNF:5
FNH:0
FNDA:0,(anonymous_2)
FNDA:0,(anonymous_3)
FNDA:0,(anonymous_4)
FNDA:0,(anonymous_5)
FNDA:0,(anonymous_6)
DA:1,0
DA:2,0
DA:3,0
DA:5,0
DA:8,0
DA:12,0
DA:16,0
DA:18,0
DA:22,0
DA:25,0
DA:29,0
DA:32,0
DA:36,0
DA:39,0
DA:45,0
DA:51,0
LF:16
LH:0
BRDA:8,0,0,0
BRDA:8,0,1,0
BRDA:16,1,0,0
BRDA:16,1,1,0
BRDA:22,2,0,0
BRDA:22,2,1,0
BRDA:29,3,0,0
BRDA:29,3,1,0
BRDA:36,4,0,0
BRDA:36,4,1,0
BRF:10
BRH:0
end_of_record
TN:
SF:src\modules\me\dto\update-my-servant.dto.ts
FN:9,(anonymous_2)
FN:17,(anonymous_3)
FN:34,(anonymous_4)
FNF:3
FNH:0
FNDA:0,(anonymous_2)
FNDA:0,(anonymous_3)
FNDA:0,(anonymous_4)
DA:1,0
DA:2,0
DA:3,0
DA:4,0
DA:6,0
DA:9,0
DA:13,0
DA:17,0
DA:20,0
DA:25,0
DA:30,0
DA:34,0
DA:37,0
LF:13
LH:0
BRDA:9,0,0,0
BRDA:9,0,1,0
BRDA:17,1,0,0
BRDA:17,1,1,0
BRDA:34,2,0,0
BRDA:34,2,1,0
BRF:6
BRH:0
end_of_record
TN:
SF:src\modules\ministries\ministries.controller.ts
FN:18,(anonymous_4)
FN:21,(anonymous_5)
FN:26,(anonymous_6)
FN:32,(anonymous_7)
FN:38,(anonymous_8)
FN:47,(anonymous_9)
FN:52,(anonymous_10)
FN:58,(anonymous_11)
FN:68,(anonymous_12)
FNF:9
FNH:0
FNDA:0,(anonymous_4)
FNDA:0,(anonymous_5)
FNDA:0,(anonymous_6)
FNDA:0,(anonymous_7)
FNDA:0,(anonymous_8)
FNDA:0,(anonymous_9)
FNDA:0,(anonymous_10)
FNDA:0,(anonymous_11)
FNDA:0,(anonymous_12)
DA:1,0
DA:2,0
DA:3,0
DA:4,0
DA:5,0
DA:7,0
DA:8,0
DA:9,0
DA:10,0
DA:11,0
DA:17,0
DA:18,0
DA:21,0
DA:22,0
DA:26,0
DA:27,0
DA:32,0
DA:33,0
DA:38,0
DA:43,0
DA:47,0
DA:48,0
DA:52,0
DA:53,0
DA:58,0
DA:63,0
DA:68,0
DA:73,0
LF:28
LH:0
BRF:0
BRH:0
end_of_record
TN:
SF:src\modules\ministries\ministries.module.ts
FNF:0
FNH:0
DA:1,0
DA:2,0
DA:3,0
DA:4,0
DA:11,0
LF:5
LH:0
BRF:0
BRH:0
end_of_record
TN:
SF:src\modules\ministries\ministries.service.ts
FN:20,(anonymous_2)
FN:25,(anonymous_3)
FN:47,(anonymous_4)
FN:48,(anonymous_5)
FN:49,(anonymous_6)
FN:51,(anonymous_7)
FN:63,(anonymous_8)
FN:76,(anonymous_9)
FN:94,(anonymous_10)
FN:109,(anonymous_11)
FN:128,(anonymous_12)
FN:158,(anonymous_13)
FN:176,(anonymous_14)
FN:196,(anonymous_15)
FN:213,(anonymous_16)
FN:216,(anonymous_17)
FN:217,(anonymous_18)
FN:226,(anonymous_19)
FN:241,(anonymous_20)
FN:280,(anonymous_21)
FN:331,(anonymous_22)
FN:343,(anonymous_23)
FN:350,(anonymous_24)
FN:367,(anonymous_25)
FN:374,(anonymous_26)
FNF:25
FNH:0
FNDA:0,(anonymous_2)
FNDA:0,(anonymous_3)
FNDA:0,(anonymous_4)
FNDA:0,(anonymous_5)
FNDA:0,(anonymous_6)
FNDA:0,(anonymous_7)
FNDA:0,(anonymous_8)
FNDA:0,(anonymous_9)
FNDA:0,(anonymous_10)
FNDA:0,(anonymous_11)
FNDA:0,(anonymous_12)
FNDA:0,(anonymous_13)
FNDA:0,(anonymous_14)
FNDA:0,(anonymous_15)
FNDA:0,(anonymous_16)
FNDA:0,(anonymous_17)
FNDA:0,(anonymous_18)
FNDA:0,(anonymous_19)
FNDA:0,(anonymous_20)
FNDA:0,(anonymous_21)
FNDA:0,(anonymous_22)
FNDA:0,(anonymous_23)
FNDA:0,(anonymous_24)
FNDA:0,(anonymous_25)
FNDA:0,(anonymous_26)
DA:1,0
DA:8,0
DA:9,0
DA:10,0
DA:12,0
DA:19,0
DA:21,0
DA:22,0
DA:26,0
DA:28,0
DA:47,0
DA:48,0
DA:49,0
DA:50,0
DA:51,0
DA:54,0
DA:64,0
DA:66,0
DA:73,0
DA:77,0
DA:78,0
DA:81,0
DA:86,0
DA:87,0
DA:90,0
DA:91,0
DA:94,0
DA:95,0
DA:107,0
DA:108,0
DA:109,0
DA:114,0
DA:117,0
DA:125,0
DA:129,0
DA:134,0
DA:137,0
DA:138,0
DA:141,0
DA:143,0
DA:144,0
DA:149,0
DA:150,0
DA:154,0
DA:155,0
DA:158,0
DA:159,0
DA:171,0
DA:172,0
DA:174,0
DA:175,0
DA:176,0
DA:182,0
DA:185,0
DA:193,0
DA:197,0
DA:198,0
DA:200,0
DA:213,0
DA:216,0
DA:217,0
DA:227,0
DA:228,0
DA:230,0
DA:242,0
DA:243,0
DA:245,0
DA:246,0
DA:249,0
DA:269,0
DA:277,0
DA:285,0
DA:290,0
DA:291,0
DA:294,0
DA:296,0
DA:297,0
DA:300,0
DA:320,0
DA:328,0
DA:332,0
DA:333,0
DA:338,0
DA:339,0
DA:344,0
DA:345,0
DA:346,0
DA:351,0
DA:362,0
DA:363,0
DA:367,0
DA:369,0
DA:370,0
DA:377,0
LF:94
LH:0
BRDA:77,0,0,0
BRDA:77,0,1,0
BRDA:77,1,0,0
BRDA:77,1,1,0
BRDA:86,2,0,0
BRDA:86,2,1,0
BRDA:90,3,0,0
BRDA:90,3,1,0
BRDA:97,4,0,0
BRDA:97,4,1,0
BRDA:103,5,0,0
BRDA:103,5,1,0
BRDA:103,5,2,0
BRDA:107,6,0,0
BRDA:107,6,1,0
BRDA:129,7,0,0
BRDA:129,7,1,0
BRDA:130,8,0,0
BRDA:130,8,1,0
BRDA:130,8,2,0
BRDA:137,9,0,0
BRDA:137,9,1,0
BRDA:143,10,0,0
BRDA:143,10,1,0
BRDA:149,11,0,0
BRDA:149,11,1,0
BRDA:154,12,0,0
BRDA:154,12,1,0
BRDA:167,13,0,0
BRDA:167,13,1,0
BRDA:167,13,2,0
BRDA:171,14,0,0
BRDA:171,14,1,0
BRDA:174,15,0,0
BRDA:174,15,1,0
BRDA:215,16,0,0
BRDA:215,16,1,0
BRDA:218,17,0,0
BRDA:218,17,1,0
BRDA:218,17,2,0
BRDA:220,18,0,0
BRDA:220,18,1,0
BRDA:220,18,2,0
BRDA:245,19,0,0
BRDA:245,19,1,0
BRDA:252,20,0,0
BRDA:252,20,1,0
BRDA:257,21,0,0
BRDA:257,21,1,0
BRDA:260,22,0,0
BRDA:260,22,1,0
BRDA:290,23,0,0
BRDA:290,23,1,0
BRDA:296,24,0,0
BRDA:296,24,1,0
BRDA:338,25,0,0
BRDA:338,25,1,0
BRDA:345,26,0,0
BRDA:345,26,1,0
BRDA:362,27,0,0
BRDA:362,27,1,0
BRDA:367,28,0,0
BRDA:367,28,1,0
BRDA:369,29,0,0
BRDA:369,29,1,0
BRDA:379,30,0,0
BRDA:379,30,1,0
BRDA:379,30,2,0
BRDA:382,31,0,0
BRDA:382,31,1,0
BRF:70
BRH:0
end_of_record
TN:
SF:src\modules\ministries\dto\create-ministry-responsibility.dto.ts
FNF:0
FNH:0
DA:1,0
DA:2,0
DA:3,0
DA:5,0
DA:9,0
DA:15,0
DA:20,0
DA:25,0
DA:30,0
DA:35,0
DA:40,0
DA:45,0
DA:50,0
LF:13
LH:0
BRF:0
BRH:0
end_of_record
TN:
SF:src\modules\ministries\dto\create-ministry.dto.ts
FNF:0
FNH:0
DA:1,0
DA:2,0
DA:4,0
DA:7,0
DA:12,0
DA:17,0
DA:22,0
DA:27,0
DA:32,0
DA:37,0
DA:43,0
LF:11
LH:0
BRF:0
BRH:0
end_of_record
TN:
SF:src\modules\ministries\dto\update-ministry-responsibility.dto.ts
FNF:0
FNH:0
DA:1,0
DA:2,0
DA:4,0
LF:3
LH:0
BRF:0
BRH:0
end_of_record
TN:
SF:src\modules\ministries\dto\update-ministry.dto.ts
FNF:0
FNH:0
DA:1,0
DA:2,0
DA:4,0
DA:8,0
DA:13,0
DA:18,0
DA:23,0
DA:28,0
DA:33,0
DA:38,0
DA:44,0
LF:11
LH:0
BRF:0
BRH:0
end_of_record
TN:
SF:src\modules\ministry-tasks\ministry-tasks.controller.ts
FN:27,(anonymous_4)
FN:31,(anonymous_5)
FN:37,(anonymous_6)
FN:43,(anonymous_7)
FN:49,(anonymous_8)
FN:59,(anonymous_9)
FN:65,(anonymous_10)
FN:75,(anonymous_11)
FN:81,(anonymous_12)
FN:87,(anonymous_13)
FN:93,(anonymous_14)
FN:103,(anonymous_15)
FN:113,(anonymous_16)
FN:123,(anonymous_17)
FN:134,(anonymous_18)
FN:144,(anonymous_19)
FN:154,(anonymous_20)
FN:164,(anonymous_21)
FN:173,(anonymous_22)
FN:179,(anonymous_23)
FN:185,(anonymous_24)
FN:195,(anonymous_25)
FNF:22
FNH:0
FNDA:0,(anonymous_4)
FNDA:0,(anonymous_5)
FNDA:0,(anonymous_6)
FNDA:0,(anonymous_7)
FNDA:0,(anonymous_8)
FNDA:0,(anonymous_9)
FNDA:0,(anonymous_10)
FNDA:0,(anonymous_11)
FNDA:0,(anonymous_12)
FNDA:0,(anonymous_13)
FNDA:0,(anonymous_14)
FNDA:0,(anonymous_15)
FNDA:0,(anonymous_16)
FNDA:0,(anonymous_17)
FNDA:0,(anonymous_18)
FNDA:0,(anonymous_19)
FNDA:0,(anonymous_20)
FNDA:0,(anonymous_21)
FNDA:0,(anonymous_22)
FNDA:0,(anonymous_23)
FNDA:0,(anonymous_24)
FNDA:0,(anonymous_25)
DA:1,0
DA:2,0
DA:3,0
DA:4,0
DA:5,0
DA:7,0
DA:8,0
DA:9,0
DA:10,0
DA:11,0
DA:12,0
DA:13,0
DA:14,0
DA:15,0
DA:16,0
DA:17,0
DA:18,0
DA:19,0
DA:20,0
DA:21,0
DA:26,0
DA:27,0
DA:31,0
DA:32,0
DA:37,0
DA:38,0
DA:43,0
DA:44,0
DA:49,0
DA:54,0
DA:59,0
DA:60,0
DA:65,0
DA:70,0
DA:75,0
DA:76,0
DA:81,0
DA:82,0
DA:87,0
DA:88,0
DA:93,0
DA:98,0
DA:103,0
DA:108,0
DA:113,0
DA:118,0
DA:123,0
DA:129,0
DA:134,0
DA:139,0
DA:144,0
DA:149,0
DA:154,0
DA:159,0
DA:164,0
DA:168,0
DA:173,0
DA:174,0
DA:179,0
DA:180,0
DA:185,0
DA:190,0
DA:195,0
DA:196,0
LF:64
LH:0
BRF:0
BRH:0
end_of_record
TN:
SF:src\modules\ministry-tasks\ministry-tasks.module.ts
FNF:0
FNH:0
DA:1,0
DA:2,0
DA:3,0
DA:4,0
DA:5,0
DA:6,0
DA:7,0
DA:15,0
LF:8
LH:0
BRF:0
BRH:0
end_of_record
TN:
SF:src\modules\ministry-tasks\ministry-tasks.scheduler.ts
FN:10,(anonymous_2)
FN:15,(anonymous_3)
FN:22,(anonymous_4)
FN:31,(anonymous_5)
FN:41,(anonymous_6)
FNF:5
FNH:0
FNDA:0,(anonymous_2)
FNDA:0,(anonymous_3)
FNDA:0,(anonymous_4)
FNDA:0,(anonymous_5)
FNDA:0,(anonymous_6)
DA:1,0
DA:2,0
DA:3,0
DA:6,0
DA:7,0
DA:8,0
DA:11,0
DA:12,0
DA:16,0
DA:17,0
DA:18,0
DA:19,0
DA:22,0
DA:23,0
DA:24,0
DA:25,0
DA:27,0
DA:31,0
DA:32,0
DA:33,0
DA:34,0
DA:36,0
DA:42,0
DA:43,0
DA:44,0
DA:46,0
DA:47,0
DA:48,0
LF:28
LH:0
BRDA:17,0,0,0
BRDA:17,0,1,0
BRDA:42,1,0,0
BRDA:42,1,1,0
BRDA:46,2,0,0
BRDA:46,2,1,0
BRF:6
BRH:0
end_of_record
TN:
SF:src\modules\ministry-tasks\ministry-tasks.service.ts
FN:43,(anonymous_2)
FN:50,(anonymous_3)
FN:78,(anonymous_4)
FN:89,(anonymous_5)
FN:116,(anonymous_6)
FN:125,(anonymous_7)
FN:145,(anonymous_8)
FN:155,(anonymous_9)
FN:164,(anonymous_10)
FN:197,(anonymous_11)
FN:200,(anonymous_12)
FN:211,(anonymous_13)
FN:251,(anonymous_14)
FN:258,(anonymous_15)
FN:259,(anonymous_16)
FN:272,(anonymous_17)
FN:295,(anonymous_18)
FN:304,(anonymous_19)
FN:326,(anonymous_20)
FN:368,(anonymous_21)
FN:385,(anonymous_22)
FN:425,(anonymous_23)
FN:435,(anonymous_24)
FN:445,(anonymous_25)
FN:474,(anonymous_26)
FN:518,(anonymous_27)
FN:521,(anonymous_28)
FN:530,(anonymous_29)
FN:535,(anonymous_30)
FN:539,(anonymous_31)
FN:546,(anonymous_32)
FN:547,(anonymous_33)
FN:549,(anonymous_34)
FN:563,(anonymous_35)
FN:579,(anonymous_36)
FN:592,(anonymous_37)
FN:612,(anonymous_38)
FN:652,(anonymous_39)
FN:678,(anonymous_40)
FN:682,(anonymous_41)
FN:684,(anonymous_42)
FN:685,(anonymous_43)
FN:686,(anonymous_44)
FN:691,(anonymous_45)
FN:709,(anonymous_46)
FN:710,(anonymous_47)
FN:713,(anonymous_48)
FN:718,(anonymous_49)
FN:738,(anonymous_50)
FN:747,(anonymous_51)
FN:750,(anonymous_52)
FN:752,(anonymous_53)
FN:787,(anonymous_54)
FN:791,(anonymous_55)
FN:814,(anonymous_56)
FN:832,(anonymous_57)
FN:836,(anonymous_58)
FN:846,(anonymous_59)
FN:848,(anonymous_60)
FN:851,(anonymous_61)
FN:897,(anonymous_62)
FN:931,(anonymous_63)
FN:979,(anonymous_64)
FN:990,(anonymous_65)
FN:1111,(anonymous_66)
FN:1117,(anonymous_67)
FN:1173,(anonymous_68)
FN:1201,(anonymous_69)
FN:1203,(anonymous_70)
FN:1204,(anonymous_71)
FN:1205,(anonymous_72)
FN:1247,(anonymous_73)
FN:1251,(anonymous_74)
FN:1292,(anonymous_75)
FN:1321,(anonymous_76)
FN:1324,(anonymous_77)
FN:1327,(anonymous_78)
FN:1330,(anonymous_79)
FN:1334,(anonymous_80)
FN:1342,(anonymous_81)
FN:1351,(anonymous_82)
FNF:81
FNH:28
FNDA:6,(anonymous_2)
FNDA:0,(anonymous_3)
FNDA:0,(anonymous_4)
FNDA:0,(anonymous_5)
FNDA:0,(anonymous_6)
FNDA:0,(anonymous_7)
FNDA:0,(anonymous_8)
FNDA:0,(anonymous_9)
FNDA:0,(anonymous_10)
FNDA:0,(anonymous_11)
FNDA:0,(anonymous_12)
FNDA:0,(anonymous_13)
FNDA:0,(anonymous_14)
FNDA:0,(anonymous_15)
FNDA:0,(anonymous_16)
FNDA:0,(anonymous_17)
FNDA:0,(anonymous_18)
FNDA:0,(anonymous_19)
FNDA:1,(anonymous_20)
FNDA:0,(anonymous_21)
FNDA:0,(anonymous_22)
FNDA:0,(anonymous_23)
FNDA:0,(anonymous_24)
FNDA:0,(anonymous_25)
FNDA:0,(anonymous_26)
FNDA:0,(anonymous_27)
FNDA:0,(anonymous_28)
FNDA:0,(anonymous_29)
FNDA:0,(anonymous_30)
FNDA:0,(anonymous_31)
FNDA:0,(anonymous_32)
FNDA:0,(anonymous_33)
FNDA:0,(anonymous_34)
FNDA:0,(anonymous_35)
FNDA:0,(anonymous_36)
FNDA:1,(anonymous_37)
FNDA:2,(anonymous_38)
FNDA:5,(anonymous_39)
FNDA:1,(anonymous_40)
FNDA:2,(anonymous_41)
FNDA:3,(anonymous_42)
FNDA:3,(anonymous_43)
FNDA:3,(anonymous_44)
FNDA:1,(anonymous_45)
FNDA:0,(anonymous_46)
FNDA:0,(anonymous_47)
FNDA:0,(anonymous_48)
FNDA:0,(anonymous_49)
FNDA:0,(anonymous_50)
FNDA:2,(anonymous_51)
FNDA:0,(anonymous_52)
FNDA:2,(anonymous_53)
FNDA:1,(anonymous_54)
FNDA:0,(anonymous_55)
FNDA:2,(anonymous_56)
FNDA:1,(anonymous_57)
FNDA:1,(anonymous_58)
FNDA:0,(anonymous_59)
FNDA:0,(anonymous_60)
FNDA:0,(anonymous_61)
FNDA:0,(anonymous_62)
FNDA:0,(anonymous_63)
FNDA:1,(anonymous_64)
FNDA:1,(anonymous_65)
FNDA:0,(anonymous_66)
FNDA:0,(anonymous_67)
FNDA:1,(anonymous_68)
FNDA:1,(anonymous_69)
FNDA:6,(anonymous_70)
FNDA:6,(anonymous_71)
FNDA:6,(anonymous_72)
FNDA:4,(anonymous_73)
FNDA:2,(anonymous_74)
FNDA:0,(anonymous_75)
FNDA:0,(anonymous_76)
FNDA:0,(anonymous_77)
FNDA:0,(anonymous_78)
FNDA:2,(anonymous_79)
FNDA:0,(anonymous_80)
FNDA:1,(anonymous_81)
FNDA:0,(anonymous_82)
DA:1,2
DA:2,2
DA:20,2
DA:21,2
DA:22,2
DA:23,2
DA:25,2
DA:42,2
DA:44,6
DA:45,6
DA:46,6
DA:47,6
DA:51,0
DA:52,0
DA:67,0
DA:68,0
DA:70,0
DA:75,0
DA:79,0
DA:80,0
DA:84,0
DA:85,0
DA:86,0
DA:90,0
DA:91,0
DA:92,0
DA:93,0
DA:111,0
DA:112,0
DA:113,0
DA:117,0
DA:118,0
DA:119,0
DA:120,0
DA:121,0
DA:122,0
DA:123,0
DA:125,0
DA:126,0
DA:141,0
DA:142,0
DA:143,0
DA:144,0
DA:145,0
DA:149,0
DA:151,0
DA:152,0
DA:156,0
DA:157,0
DA:158,0
DA:159,0
DA:160,0
DA:161,0
DA:165,0
DA:166,0
DA:186,0
DA:187,0
DA:188,0
DA:189,0
DA:190,0
DA:191,0
DA:196,0
DA:197,0
DA:201,0
DA:202,0
DA:206,0
DA:207,0
DA:208,0
DA:212,0
DA:213,0
DA:214,0
DA:215,0
DA:216,0
DA:217,0
DA:218,0
DA:219,0
DA:220,0
DA:223,0
DA:224,0
DA:225,0
DA:226,0
DA:235,0
DA:251,0
DA:258,0
DA:259,0
DA:265,0
DA:266,0
DA:267,0
DA:268,0
DA:269,0
DA:273,0
DA:274,0
DA:278,0
DA:279,0
DA:280,0
DA:281,0
DA:282,0
DA:283,0
DA:284,0
DA:285,0
DA:286,0
DA:287,0
DA:288,0
DA:295,0
DA:299,0
DA:301,0
DA:305,0
DA:306,0
DA:309,0
DA:310,0
DA:311,0
DA:312,0
DA:323,0
DA:327,1
DA:328,1
DA:332,1
DA:333,1
DA:334,1
DA:335,1
DA:336,1
DA:345,1
DA:346,1
DA:358,1
DA:359,0
DA:365,1
DA:369,0
DA:370,0
DA:374,0
DA:375,0
DA:376,0
DA:384,0
DA:385,0
DA:387,0
DA:389,0
DA:397,0
DA:398,0
DA:403,0
DA:410,0
DA:417,0
DA:418,0
DA:422,0
DA:426,0
DA:427,0
DA:431,0
DA:432,0
DA:434,0
DA:435,0
DA:437,0
DA:439,0
DA:443,0
DA:444,0
DA:445,0
DA:447,0
DA:452,0
DA:459,0
DA:467,0
DA:471,0
DA:475,0
DA:476,0
DA:477,0
DA:478,0
DA:484,0
DA:485,0
DA:486,0
DA:487,0
DA:489,0
DA:490,0
DA:491,0
DA:494,0
DA:517,0
DA:518,0
DA:521,0
DA:523,0
DA:530,0
DA:535,0
DA:540,0
DA:544,0
DA:545,0
DA:546,0
DA:547,0
DA:548,0
DA:549,0
DA:550,0
DA:557,0
DA:558,0
DA:559,0
DA:560,0
DA:564,0
DA:568,0
DA:569,0
DA:570,0
DA:571,0
DA:572,0
DA:573,0
DA:574,0
DA:575,0
DA:576,0
DA:580,0
DA:581,0
DA:584,0
DA:585,0
DA:586,0
DA:587,0
DA:588,0
DA:589,0
DA:593,1
DA:594,1
DA:595,1
DA:597,1
DA:608,1
DA:609,0
DA:612,2
DA:613,1
DA:614,0
DA:615,0
DA:619,1
DA:631,1
DA:639,1
DA:640,0
DA:642,1
DA:643,1
DA:645,0
DA:646,0
DA:649,0
DA:653,5
DA:679,1
DA:683,2
DA:684,3
DA:685,3
DA:686,3
DA:687,2
DA:688,2
DA:692,1
DA:693,1
DA:694,1
DA:695,1
DA:696,1
DA:697,1
DA:698,1
DA:699,1
DA:700,0
DA:701,0
DA:702,1
DA:710,0
DA:714,0
DA:715,0
DA:727,0
DA:728,0
DA:729,0
DA:730,0
DA:731,0
DA:733,0
DA:734,0
DA:735,0
DA:736,0
DA:738,0
DA:740,0
DA:741,0
DA:742,0
DA:744,0
DA:748,2
DA:749,2
DA:750,2
DA:751,2
DA:752,2
DA:753,2
DA:754,2
DA:758,2
DA:759,2
DA:760,2
DA:761,1
DA:762,1
DA:763,1
DA:764,1
DA:766,1
DA:767,1
DA:768,1
DA:769,1
DA:778,1
DA:779,1
DA:788,1
DA:789,1
DA:790,0
DA:791,0
DA:793,1
DA:797,1
DA:807,1
DA:808,1
DA:809,4
DA:810,4
DA:811,4
DA:812,4
DA:814,1
DA:816,2
DA:819,2
DA:822,0
DA:823,0
DA:824,0
DA:825,0
DA:826,0
DA:827,0
DA:829,0
DA:833,1
DA:837,1
DA:847,0
DA:848,0
DA:852,0
DA:853,0
DA:854,0
DA:855,0
DA:864,0
DA:865,0
DA:866,0
DA:867,0
DA:868,0
DA:869,0
DA:878,0
DA:879,0
DA:880,0
DA:882,0
DA:883,0
DA:884,0
DA:886,0
DA:897,0
DA:908,0
DA:912,0
DA:913,0
DA:920,0
DA:928,0
DA:932,0
DA:933,0
DA:934,0
DA:955,0
DA:956,0
DA:960,0
DA:967,0
DA:968,0
DA:976,0
DA:990,1
DA:991,1
DA:1006,1
DA:1007,1
DA:1017,1
DA:1018,1
DA:1036,1
DA:1056,1
DA:1059,1
DA:1060,1
DA:1062,1
DA:1063,1
DA:1067,1
DA:1074,1
DA:1088,1
DA:1095,1
DA:1108,1
DA:1116,0
DA:1117,0
DA:1118,0
DA:1119,0
DA:1120,0
DA:1122,0
DA:1123,0
DA:1124,0
DA:1125,0
DA:1134,0
DA:1145,0
DA:1146,0
DA:1147,0
DA:1150,0
DA:1162,0
DA:1170,0
DA:1178,1
DA:1179,1
DA:1183,1
DA:1192,1
DA:1193,1
DA:1194,2
DA:1195,2
DA:1198,1
DA:1199,1
DA:1200,1
DA:1201,1
DA:1202,2
DA:1203,6
DA:1204,6
DA:1205,6
DA:1206,2
DA:1207,2
DA:1209,2
DA:1210,4
DA:1211,4
DA:1219,4
DA:1221,0
DA:1225,2
DA:1226,0
DA:1237,0
DA:1241,0
DA:1242,0
DA:1243,0
DA:1246,2
DA:1247,4
DA:1251,2
DA:1253,2
DA:1264,2
DA:1265,2
DA:1268,1
DA:1282,1
DA:1297,0
DA:1298,0
DA:1299,0
DA:1300,0
DA:1311,0
DA:1315,0
DA:1316,0
DA:1318,0
DA:1322,0
DA:1325,0
DA:1328,0
DA:1331,2
DA:1335,0
DA:1339,0
DA:1343,1
DA:1347,1
DA:1348,1
DA:1352,0
DA:1353,0
DA:1356,0
DA:1359,0
LF:428
LH:138
BRDA:56,0,0,0
BRDA:56,0,1,0
BRDA:57,1,0,0
BRDA:57,1,1,0
BRDA:58,2,0,0
BRDA:58,2,1,0
BRDA:67,3,0,0
BRDA:67,3,1,0
BRDA:68,4,0,0
BRDA:68,4,1,0
BRDA:81,5,0,0
BRDA:81,5,1,0
BRDA:84,6,0,0
BRDA:84,6,1,0
BRDA:85,7,0,0
BRDA:85,7,1,0
BRDA:91,8,0,0
BRDA:91,8,1,0
BRDA:92,9,0,0
BRDA:92,9,1,0
BRDA:95,10,0,0
BRDA:95,10,1,0
BRDA:99,11,0,0
BRDA:99,11,1,0
BRDA:102,12,0,0
BRDA:102,12,1,0
BRDA:103,13,0,0
BRDA:103,13,1,0
BRDA:104,14,0,0
BRDA:104,14,1,0
BRDA:119,15,0,0
BRDA:119,15,1,0
BRDA:120,16,0,0
BRDA:120,16,1,0
BRDA:121,17,0,0
BRDA:121,17,1,0
BRDA:121,18,0,0
BRDA:121,18,1,0
BRDA:122,19,0,0
BRDA:122,19,1,0
BRDA:123,20,0,0
BRDA:123,20,1,0
BRDA:141,21,0,0
BRDA:141,21,1,0
BRDA:143,22,0,0
BRDA:143,22,1,0
BRDA:158,23,0,0
BRDA:158,23,1,0
BRDA:159,24,0,0
BRDA:159,24,1,0
BRDA:176,25,0,0
BRDA:176,25,1,0
BRDA:178,26,0,0
BRDA:178,26,1,0
BRDA:178,27,0,0
BRDA:178,27,1,0
BRDA:180,28,0,0
BRDA:180,28,1,0
BRDA:181,29,0,0
BRDA:181,29,1,0
BRDA:184,30,0,0
BRDA:184,30,1,0
BRDA:184,31,0,0
BRDA:184,31,1,0
BRDA:184,32,0,0
BRDA:184,32,1,0
BRDA:184,33,0,0
BRDA:184,33,1,0
BRDA:186,34,0,0
BRDA:186,34,1,0
BRDA:186,35,0,0
BRDA:186,35,1,0
BRDA:187,36,0,0
BRDA:187,36,1,0
BRDA:188,37,0,0
BRDA:188,37,1,0
BRDA:189,38,0,0
BRDA:189,38,1,0
BRDA:190,39,0,0
BRDA:190,39,1,0
BRDA:203,40,0,0
BRDA:203,40,1,0
BRDA:206,41,0,0
BRDA:206,41,1,0
BRDA:213,42,0,0
BRDA:213,42,1,0
BRDA:214,43,0,0
BRDA:214,43,1,0
BRDA:215,44,0,0
BRDA:215,44,1,0
BRDA:216,45,0,0
BRDA:216,45,1,0
BRDA:216,46,0,0
BRDA:216,46,1,0
BRDA:217,47,0,0
BRDA:217,47,1,0
BRDA:218,48,0,0
BRDA:218,48,1,0
BRDA:219,49,0,0
BRDA:219,49,1,0
BRDA:219,50,0,0
BRDA:219,50,1,0
BRDA:223,51,0,0
BRDA:223,51,1,0
BRDA:223,52,0,0
BRDA:223,52,1,0
BRDA:224,53,0,0
BRDA:224,53,1,0
BRDA:225,54,0,0
BRDA:225,54,1,0
BRDA:225,55,0,0
BRDA:225,55,1,0
BRDA:229,56,0,0
BRDA:229,56,1,0
BRDA:237,57,0,0
BRDA:237,57,1,0
BRDA:242,58,0,0
BRDA:242,58,1,0
BRDA:244,59,0,0
BRDA:244,59,1,0
BRDA:245,60,0,0
BRDA:245,60,1,0
BRDA:247,61,0,0
BRDA:247,61,1,0
BRDA:248,62,0,0
BRDA:248,62,1,0
BRDA:249,63,0,0
BRDA:249,63,1,0
BRDA:254,64,0,0
BRDA:254,64,1,0
BRDA:257,65,0,0
BRDA:257,65,1,0
BRDA:258,66,0,0
BRDA:258,66,1,0
BRDA:268,67,0,0
BRDA:268,67,1,0
BRDA:275,68,0,0
BRDA:275,68,1,0
BRDA:278,69,0,0
BRDA:278,69,1,0
BRDA:279,70,0,0
BRDA:279,70,1,0
BRDA:282,71,0,0
BRDA:282,71,1,0
BRDA:287,72,0,0
BRDA:287,72,1,0
BRDA:307,73,0,0
BRDA:307,73,1,0
BRDA:309,74,0,0
BRDA:309,74,1,0
BRDA:310,75,0,0
BRDA:310,75,1,0
BRDA:329,76,0,1
BRDA:329,76,1,0
BRDA:332,77,0,0
BRDA:332,77,1,1
BRDA:333,78,0,0
BRDA:333,78,1,1
BRDA:334,79,0,0
BRDA:334,79,1,1
BRDA:335,80,0,0
BRDA:335,80,1,1
BRDA:345,81,0,1
BRDA:345,81,1,0
BRDA:358,82,0,0
BRDA:358,82,1,1
BRDA:371,83,0,0
BRDA:371,83,1,0
BRDA:374,84,0,0
BRDA:374,84,1,0
BRDA:375,85,0,0
BRDA:375,85,1,0
BRDA:385,86,0,0
BRDA:385,86,1,0
BRDA:385,86,2,0
BRDA:387,87,0,0
BRDA:387,87,1,0
BRDA:397,88,0,0
BRDA:397,88,1,0
BRDA:414,89,0,0
BRDA:414,89,1,0
BRDA:428,90,0,0
BRDA:428,90,1,0
BRDA:431,91,0,0
BRDA:431,91,1,0
BRDA:432,92,0,0
BRDA:432,92,1,0
BRDA:435,93,0,0
BRDA:435,93,1,0
BRDA:435,93,2,0
BRDA:435,93,3,0
BRDA:437,94,0,0
BRDA:437,94,1,0
BRDA:443,95,0,0
BRDA:443,95,1,0
BRDA:445,96,0,0
BRDA:445,96,1,0
BRDA:445,96,2,0
BRDA:449,97,0,0
BRDA:449,97,1,0
BRDA:463,98,0,0
BRDA:463,98,1,0
BRDA:480,99,0,0
BRDA:480,99,1,0
BRDA:481,100,0,0
BRDA:481,100,1,0
BRDA:484,101,0,0
BRDA:484,101,1,0
BRDA:484,102,0,0
BRDA:484,102,1,0
BRDA:486,103,0,0
BRDA:486,103,1,0
BRDA:486,104,0,0
BRDA:486,104,1,0
BRDA:489,105,0,0
BRDA:489,105,1,0
BRDA:490,106,0,0
BRDA:490,106,1,0
BRDA:532,107,0,0
BRDA:532,107,1,0
BRDA:541,108,0,0
BRDA:541,108,1,0
BRDA:544,109,0,0
BRDA:544,109,1,0
BRDA:548,110,0,0
BRDA:548,110,1,0
BRDA:549,111,0,0
BRDA:549,111,1,0
BRDA:549,112,0,0
BRDA:549,112,1,0
BRDA:553,113,0,0
BRDA:553,113,1,0
BRDA:565,114,0,0
BRDA:565,114,1,0
BRDA:568,115,0,0
BRDA:568,115,1,0
BRDA:571,116,0,0
BRDA:571,116,1,0
BRDA:571,117,0,0
BRDA:571,117,1,0
BRDA:572,118,0,0
BRDA:572,118,1,0
BRDA:582,119,0,0
BRDA:582,119,1,0
BRDA:584,120,0,0
BRDA:584,120,1,0
BRDA:585,121,0,0
BRDA:585,121,1,0
BRDA:586,122,0,0
BRDA:586,122,1,0
BRDA:594,123,0,1
BRDA:594,123,1,0
BRDA:595,124,0,1
BRDA:595,124,1,0
BRDA:603,125,0,1
BRDA:603,125,1,0
BRDA:608,126,0,0
BRDA:608,126,1,1
BRDA:613,127,0,0
BRDA:613,127,1,1
BRDA:635,128,0,1
BRDA:635,128,1,0
BRDA:639,129,0,0
BRDA:639,129,1,1
BRDA:642,130,0,1
BRDA:642,130,1,0
BRDA:645,131,0,0
BRDA:645,131,1,0
BRDA:686,132,0,3
BRDA:686,132,1,3
BRDA:687,133,0,0
BRDA:687,133,1,2
BRDA:693,134,0,0
BRDA:693,134,1,1
BRDA:694,135,0,0
BRDA:694,135,1,1
BRDA:696,136,0,1
BRDA:696,136,1,1
BRDA:698,137,0,1
BRDA:698,137,1,0
BRDA:699,138,0,1
BRDA:699,138,1,0
BRDA:699,139,0,1
BRDA:699,139,1,1
BRDA:699,139,2,0
BRDA:699,139,3,0
BRDA:699,139,4,0
BRDA:700,140,0,0
BRDA:700,140,1,0
BRDA:701,141,0,0
BRDA:701,141,1,0
BRDA:704,142,0,1
BRDA:704,142,1,0
BRDA:704,143,0,1
BRDA:704,143,1,1
BRDA:704,144,0,1
BRDA:704,144,1,0
BRDA:704,145,0,1
BRDA:704,145,1,1
BRDA:710,146,0,0
BRDA:710,146,1,0
BRDA:710,147,0,0
BRDA:710,147,1,0
BRDA:710,148,0,0
BRDA:710,148,1,0
BRDA:714,149,0,0
BRDA:714,149,1,0
BRDA:715,150,0,0
BRDA:715,150,1,0
BRDA:727,151,0,0
BRDA:727,151,1,0
BRDA:727,152,0,0
BRDA:727,152,1,0
BRDA:728,153,0,0
BRDA:728,153,1,0
BRDA:729,154,0,0
BRDA:729,154,1,0
BRDA:730,155,0,0
BRDA:730,155,1,0
BRDA:733,156,0,0
BRDA:733,156,1,0
BRDA:735,157,0,0
BRDA:735,157,1,0
BRDA:737,158,0,0
BRDA:737,158,1,0
BRDA:738,159,0,0
BRDA:738,159,1,0
BRDA:740,160,0,0
BRDA:740,160,1,0
BRDA:740,161,0,0
BRDA:740,161,1,0
BRDA:740,161,2,0
BRDA:749,162,0,0
BRDA:749,162,1,2
BRDA:750,163,0,2
BRDA:750,163,1,0
BRDA:751,164,0,0
BRDA:751,164,1,2
BRDA:752,165,0,2
BRDA:752,165,1,0
BRDA:752,165,2,0
BRDA:753,166,0,0
BRDA:753,166,1,2
BRDA:758,167,0,0
BRDA:758,167,1,2
BRDA:758,168,0,2
BRDA:758,168,1,2
BRDA:760,169,0,1
BRDA:760,169,1,1
BRDA:763,170,0,0
BRDA:763,170,1,1
BRDA:764,171,0,1
BRDA:764,171,1,0
BRDA:766,172,0,1
BRDA:766,172,1,0
BRDA:768,173,0,0
BRDA:768,173,1,1
BRDA:772,174,0,1
BRDA:772,174,1,0
BRDA:778,175,0,1
BRDA:778,175,1,0
BRDA:788,176,0,0
BRDA:788,176,1,1
BRDA:789,177,0,0
BRDA:789,177,1,1
BRDA:790,178,0,0
BRDA:790,178,1,0
BRDA:790,179,0,0
BRDA:790,179,1,0
BRDA:793,180,0,1
BRDA:793,180,1,0
BRDA:794,181,0,1
BRDA:794,181,1,0
BRDA:800,182,0,1
BRDA:800,182,1,0
BRDA:801,183,0,1
BRDA:801,183,1,1
BRDA:810,184,0,4
BRDA:810,184,1,2
BRDA:816,185,0,2
BRDA:816,185,1,0
BRDA:824,186,0,0
BRDA:824,186,1,0
BRDA:824,187,0,0
BRDA:824,187,1,0
BRDA:824,188,0,0
BRDA:824,188,1,0
BRDA:824,189,0,0
BRDA:824,189,1,0
BRDA:847,190,0,0
BRDA:847,190,1,0
BRDA:851,191,0,0
BRDA:854,192,0,0
BRDA:854,192,1,0
BRDA:878,193,0,0
BRDA:878,193,1,0
BRDA:882,194,0,0
BRDA:882,194,1,0
BRDA:912,195,0,0
BRDA:912,195,1,0
BRDA:918,196,0,0
BRDA:918,196,1,0
BRDA:995,197,0,1
BRDA:995,197,1,0
BRDA:996,198,0,1
BRDA:996,198,1,0
BRDA:1001,199,0,1
BRDA:1001,199,1,0
BRDA:1006,200,0,1
BRDA:1006,200,1,0
BRDA:1006,201,0,1
BRDA:1006,201,1,1
BRDA:1017,202,0,1
BRDA:1017,202,1,0
BRDA:1045,203,0,0
BRDA:1045,203,1,1
BRDA:1047,204,0,0
BRDA:1047,204,1,1
BRDA:1049,205,0,0
BRDA:1049,205,1,1
BRDA:1059,206,0,1
BRDA:1059,206,1,0
BRDA:1059,207,0,1
BRDA:1059,207,1,1
BRDA:1062,208,0,1
BRDA:1062,208,1,0
BRDA:1067,209,0,0
BRDA:1067,209,1,1
BRDA:1069,210,0,0
BRDA:1069,210,1,1
BRDA:1071,211,0,0
BRDA:1071,211,1,1
BRDA:1084,212,0,1
BRDA:1084,212,1,0
BRDA:1088,213,0,0
BRDA:1088,213,1,1
BRDA:1090,214,0,0
BRDA:1090,214,1,1
BRDA:1092,215,0,0
BRDA:1092,215,1,1
BRDA:1116,216,0,0
BRDA:1116,216,1,0
BRDA:1123,217,0,0
BRDA:1123,217,1,0
BRDA:1124,218,0,0
BRDA:1124,218,1,0
BRDA:1140,219,0,0
BRDA:1140,219,1,0
BRDA:1146,220,0,0
BRDA:1146,220,1,0
BRDA:1154,221,0,0
BRDA:1154,221,1,0
BRDA:1194,222,0,0
BRDA:1194,222,1,2
BRDA:1195,223,0,2
BRDA:1195,223,1,2
BRDA:1225,224,0,0
BRDA:1225,224,1,2
BRDA:1234,225,0,0
BRDA:1234,225,1,0
BRDA:1249,226,0,4
BRDA:1249,226,1,0
BRDA:1251,227,0,1
BRDA:1251,227,1,1
BRDA:1261,228,0,2
BRDA:1261,228,1,2
BRDA:1264,229,0,2
BRDA:1264,229,1,0
BRDA:1308,230,0,0
BRDA:1308,230,1,0
BRDA:1322,231,0,0
BRDA:1322,231,1,0
BRDA:1325,232,0,0
BRDA:1325,232,1,0
BRDA:1325,233,0,0
BRDA:1325,233,1,0
BRDA:1325,233,2,0
BRDA:1328,234,0,0
BRDA:1328,234,1,0
BRDA:1328,235,0,0
BRDA:1328,235,1,0
BRDA:1328,235,2,0
BRDA:1328,235,3,0
BRDA:1328,235,4,0
BRDA:1331,236,0,0
BRDA:1331,236,1,2
BRDA:1331,237,0,2
BRDA:1331,237,1,2
BRDA:1331,237,2,0
BRDA:1336,238,0,0
BRDA:1336,238,1,0
BRDA:1339,239,0,0
BRDA:1339,239,1,0
BRDA:1344,240,0,1
BRDA:1344,240,1,0
BRDA:1347,241,0,0
BRDA:1347,241,1,1
BRDA:1353,242,0,0
BRDA:1353,242,1,0
BRDA:1356,243,0,0
BRDA:1356,243,1,0
BRF:501
BRH:94
end_of_record
TN:
SF:src\modules\ministry-tasks\dto\add-ministry-task-occurrence-assignee.dto.ts
FNF:0
FNH:0
DA:1,0
DA:2,0
DA:3,0
DA:5,0
DA:8,0
DA:12,0
LF:6
LH:0
BRF:0
BRH:0
end_of_record
TN:
SF:src\modules\ministry-tasks\dto\assign-ministry-task-occurrence.dto.ts
FN:12,(anonymous_2)
FNF:1
FNH:0
FNDA:0,(anonymous_2)
DA:1,0
DA:2,0
DA:3,0
DA:5,0
DA:8,0
DA:12,0
DA:15,0
LF:7
LH:0
BRDA:12,0,0,0
BRDA:12,0,1,0
BRF:2
BRH:0
end_of_record
TN:
SF:src\modules\ministry-tasks\dto\cancel-ministry-task-occurrence.dto.ts
FN:8,(anonymous_2)
FNF:1
FNH:0
FNDA:0,(anonymous_2)
DA:1,0
DA:2,0
DA:3,0
DA:5,0
DA:8,0
DA:11,0
LF:6
LH:0
BRDA:8,0,0,0
BRDA:8,0,1,0
BRF:2
BRH:0
end_of_record
TN:
SF:src\modules\ministry-tasks\dto\complete-ministry-task-occurrence.dto.ts
FN:8,(anonymous_2)
FNF:1
FNH:0
FNDA:0,(anonymous_2)
DA:1,0
DA:2,0
DA:3,0
DA:5,0
DA:8,0
DA:11,0
LF:6
LH:0
BRDA:8,0,0,0
BRDA:8,0,1,0
BRF:2
BRH:0
end_of_record
TN:
SF:src\modules\ministry-tasks\dto\create-ministry-task-occurrence.dto.ts
FN:60,(anonymous_2)
FNF:1
FNH:0
FNDA:0,(anonymous_2)
DA:1,0
DA:2,0
DA:6,0
DA:7,0
DA:9,0
DA:12,0
DA:17,0
DA:21,0
DA:26,0
DA:32,0
DA:37,0
DA:45,0
DA:50,0
DA:56,0
DA:60,0
DA:63,0
LF:16
LH:0
BRDA:60,0,0,0
BRDA:60,0,1,0
BRF:2
BRH:0
end_of_record
TN:
SF:src\modules\ministry-tasks\dto\create-ministry-task-template.dto.ts
FN:26,(anonymous_2)
FN:34,(anonymous_3)
FN:53,(anonymous_4)
FN:58,(anonymous_5)
FN:66,(anonymous_6)
FN:112,(anonymous_7)
FNF:6
FNH:0
FNDA:0,(anonymous_2)
FNDA:0,(anonymous_3)
FNDA:0,(anonymous_4)
FNDA:0,(anonymous_5)
FNDA:0,(anonymous_6)
FNDA:0,(anonymous_7)
DA:1,0
DA:2,0
DA:8,0
DA:9,0
DA:24,0
DA:26,0
DA:30,0
DA:34,0
DA:37,0
DA:43,0
DA:48,0
DA:51,0
DA:53,0
DA:55,0
DA:58,0
DA:62,0
DA:66,0
DA:69,0
DA:74,0
DA:79,0
DA:84,0
DA:89,0
DA:94,0
DA:99,0
DA:105,0
DA:112,0
DA:113,0
LF:27
LH:0
BRDA:26,0,0,0
BRDA:26,0,1,0
BRDA:34,1,0,0
BRDA:34,1,1,0
BRDA:53,2,0,0
BRDA:53,2,1,0
BRDA:58,3,0,0
BRDA:58,3,1,0
BRDA:66,4,0,0
BRDA:66,4,1,0
BRF:10
BRH:0
end_of_record
TN:
SF:src\modules\ministry-tasks\dto\generate-ministry-task-occurrences.dto.ts
FNF:0
FNH:0
DA:1,0
DA:2,0
DA:4,0
DA:7,0
DA:11,0
LF:5
LH:0
BRF:0
BRH:0
end_of_record
TN:
SF:src\modules\ministry-tasks\dto\list-ministry-task-occurrences-query.dto.ts
FN:29,(anonymous_2)
FN:35,(anonymous_3)
FN:41,(anonymous_4)
FNF:3
FNH:0
FNDA:0,(anonymous_2)
FNDA:0,(anonymous_3)
FNDA:0,(anonymous_4)
DA:1,0
DA:2,0
DA:8,0
DA:9,0
DA:11,0
DA:15,0
DA:20,0
DA:25,0
DA:29,0
DA:31,0
DA:35,0
DA:37,0
DA:41,0
DA:43,0
DA:48,0
DA:53,0
DA:58,0
DA:63,0
DA:68,0
DA:73,0
DA:78,0
LF:21
LH:0
BRDA:29,0,0,0
BRDA:29,0,1,0
BRDA:35,1,0,0
BRDA:35,1,1,0
BRDA:41,2,0,0
BRDA:41,2,1,0
BRF:6
BRH:0
end_of_record
TN:
SF:src\modules\ministry-tasks\dto\list-ministry-task-templates-query.dto.ts
FN:24,(anonymous_2)
FNF:1
FNH:0
FNDA:0,(anonymous_2)
DA:1,0
DA:2,0
DA:3,0
DA:4,0
DA:6,0
DA:10,0
DA:15,0
DA:20,0
DA:24,0
DA:26,0
LF:10
LH:0
BRDA:24,0,0,0
BRDA:24,0,1,0
BRF:2
BRH:0
end_of_record
TN:
SF:src\modules\ministry-tasks\dto\ministry-task-dashboard-query.dto.ts
FNF:0
FNH:0
DA:1,0
DA:2,0
DA:4,0
DA:8,0
DA:13,0
LF:5
LH:0
BRF:0
BRH:0
end_of_record
TN:
SF:src\modules\ministry-tasks\dto\reallocate-from-removed-servant.dto.ts
FN:35,(anonymous_2)
FNF:1
FNH:0
FNDA:0,(anonymous_2)
DA:1,0
DA:2,0
DA:3,0
DA:4,0
DA:6,0
DA:9,0
DA:13,0
DA:16,0
DA:19,0
DA:23,0
DA:28,0
DA:35,0
DA:36,0
DA:42,0
LF:14
LH:0
BRF:0
BRH:0
end_of_record
TN:
SF:src\modules\ministry-tasks\dto\reassign-ministry-task-occurrence.dto.ts
FN:7,(anonymous_2)
FN:18,(anonymous_3)
FNF:2
FNH:0
FNDA:0,(anonymous_2)
FNDA:0,(anonymous_3)
DA:1,0
DA:2,0
DA:3,0
DA:5,0
DA:7,0
DA:9,0
DA:14,0
DA:18,0
DA:21,0
LF:9
LH:0
BRDA:7,0,0,0
BRDA:7,0,1,0
BRDA:18,1,0,0
BRDA:18,1,1,0
BRF:4
BRH:0
end_of_record
TN:
SF:src\modules\ministry-tasks\dto\update-ministry-task-checklist.dto.ts
FN:35,(anonymous_2)
FNF:1
FNH:0
FNDA:0,(anonymous_2)
DA:1,0
DA:2,0
DA:3,0
DA:4,0
DA:14,0
DA:17,0
DA:21,0
DA:27,0
DA:30,0
DA:35,0
DA:36,0
LF:11
LH:0
BRF:0
BRH:0
end_of_record
TN:
SF:src\modules\ministry-tasks\dto\update-ministry-task-template.dto.ts
FNF:0
FNH:0
DA:1,0
DA:2,0
DA:4,0
LF:3
LH:0
BRF:0
BRH:0
end_of_record
TN:
SF:src\modules\notifications\notification-settings.controller.ts
FN:12,(anonymous_4)
FN:16,(anonymous_5)
FN:22,(anonymous_6)
FN:28,(anonymous_7)
FN:34,(anonymous_8)
FNF:5
FNH:0
FNDA:0,(anonymous_4)
FNDA:0,(anonymous_5)
FNDA:0,(anonymous_6)
FNDA:0,(anonymous_7)
FNDA:0,(anonymous_8)
DA:1,0
DA:2,0
DA:3,0
DA:4,0
DA:5,0
DA:6,0
DA:11,0
DA:12,0
DA:16,0
DA:17,0
DA:22,0
DA:23,0
DA:28,0
DA:29,0
DA:34,0
DA:35,0
LF:16
LH:0
BRF:0
BRH:0
end_of_record
TN:
SF:src\modules\notifications\notification-settings.service.ts
FN:10,(anonymous_2)
FN:12,(anonymous_3)
FN:16,(anonymous_4)
FN:20,(anonymous_5)
FN:24,(anonymous_6)
FN:28,(anonymous_7)
FN:36,(anonymous_8)
FN:44,(anonymous_9)
FN:56,(anonymous_10)
FN:75,(anonymous_11)
FNF:10
FNH:0
FNDA:0,(anonymous_2)
FNDA:0,(anonymous_3)
FNDA:0,(anonymous_4)
FNDA:0,(anonymous_5)
FNDA:0,(anonymous_6)
FNDA:0,(anonymous_7)
FNDA:0,(anonymous_8)
FNDA:0,(anonymous_9)
FNDA:0,(anonymous_10)
FNDA:0,(anonymous_11)
DA:1,4
DA:3,4
DA:5,4
DA:6,4
DA:9,4
DA:10,0
DA:13,0
DA:17,0
DA:21,0
DA:25,0
DA:29,0
DA:33,0
DA:37,0
DA:41,0
DA:45,0
DA:49,0
DA:57,0
DA:68,0
DA:76,0
DA:77,0
DA:78,0
DA:79,0
DA:82,0
LF:23
LH:5
BRDA:52,0,0,0
BRDA:52,0,1,0
BRDA:76,1,0,0
BRDA:76,1,1,0
BRDA:76,2,0,0
BRDA:76,2,1,0
BRDA:76,2,2,0
BRDA:78,3,0,0
BRDA:78,3,1,0
BRF:9
BRH:0
end_of_record
TN:
SF:src\modules\notifications\notification-templates.controller.ts
FN:15,(anonymous_4)
FN:18,(anonymous_5)
FN:23,(anonymous_6)
FN:29,(anonymous_7)
FN:35,(anonymous_8)
FN:41,(anonymous_9)
FN:47,(anonymous_10)
FN:53,(anonymous_11)
FNF:8
FNH:0
FNDA:0,(anonymous_4)
FNDA:0,(anonymous_5)
FNDA:0,(anonymous_6)
FNDA:0,(anonymous_7)
FNDA:0,(anonymous_8)
FNDA:0,(anonymous_9)
FNDA:0,(anonymous_10)
FNDA:0,(anonymous_11)
DA:1,0
DA:2,0
DA:3,0
DA:4,0
DA:5,0
DA:6,0
DA:7,0
DA:8,0
DA:14,0
DA:15,0
DA:18,0
DA:19,0
DA:23,0
DA:24,0
DA:29,0
DA:30,0
DA:35,0
DA:36,0
DA:41,0
DA:42,0
DA:47,0
DA:48,0
DA:53,0
DA:54,0
LF:24
LH:0
BRF:0
BRH:0
end_of_record
TN:
SF:src\modules\notifications\notification-templates.service.ts
FN:11,(anonymous_2)
FN:13,(anonymous_3)
FN:23,(anonymous_4)
FN:34,(anonymous_5)
FN:47,(anonymous_6)
FN:59,(anonymous_7)
FN:81,(anonymous_8)
FN:106,(anonymous_9)
FN:112,(anonymous_10)
FNF:9
FNH:0
FNDA:0,(anonymous_2)
FNDA:0,(anonymous_3)
FNDA:0,(anonymous_4)
FNDA:0,(anonymous_5)
FNDA:0,(anonymous_6)
FNDA:0,(anonymous_7)
FNDA:0,(anonymous_8)
FNDA:0,(anonymous_9)
FNDA:0,(anonymous_10)
DA:1,0
DA:2,0
DA:3,0
DA:7,0
DA:10,0
DA:11,0
DA:14,0
DA:18,0
DA:19,0
DA:22,0
DA:23,0
DA:35,0
DA:41,0
DA:48,0
DA:52,0
DA:53,0
DA:56,0
DA:60,0
DA:61,0
DA:62,0
DA:74,0
DA:75,0
DA:77,0
DA:82,0
DA:84,0
DA:93,0
DA:94,0
DA:99,0
DA:100,0
DA:102,0
DA:107,0
DA:108,0
DA:109,0
DA:113,0
DA:114,0
LF:35
LH:0
BRDA:18,0,0,0
BRDA:18,0,1,0
BRDA:36,1,0,0
BRDA:36,1,1,0
BRDA:37,2,0,0
BRDA:37,2,1,0
BRDA:38,3,0,0
BRDA:38,3,1,0
BRDA:52,4,0,0
BRDA:52,4,1,0
BRDA:70,5,0,0
BRDA:70,5,1,0
BRDA:74,6,0,0
BRDA:74,6,1,0
BRDA:74,7,0,0
BRDA:74,7,1,0
BRDA:99,8,0,0
BRDA:99,8,1,0
BRDA:99,9,0,0
BRDA:99,9,1,0
BRDA:117,10,0,0
BRDA:117,10,1,0
BRF:22
BRH:0
end_of_record
TN:
SF:src\modules\notifications\notifications-management.controller.ts
FN:21,(anonymous_4)
FN:25,(anonymous_5)
FN:31,(anonymous_6)
FN:39,(anonymous_7)
FN:45,(anonymous_8)
FN:55,(anonymous_9)
FN:61,(anonymous_10)
FN:69,(anonymous_11)
FN:78,(anonymous_12)
FN:84,(anonymous_13)
FN:90,(anonymous_14)
FN:96,(anonymous_15)
FNF:12
FNH:0
FNDA:0,(anonymous_4)
FNDA:0,(anonymous_5)
FNDA:0,(anonymous_6)
FNDA:0,(anonymous_7)
FNDA:0,(anonymous_8)
FNDA:0,(anonymous_9)
FNDA:0,(anonymous_10)
FNDA:0,(anonymous_11)
FNDA:0,(anonymous_12)
FNDA:0,(anonymous_13)
FNDA:0,(anonymous_14)
FNDA:0,(anonymous_15)
DA:1,0
DA:2,0
DA:3,0
DA:4,0
DA:5,0
DA:7,0
DA:8,0
DA:12,0
DA:13,0
DA:14,0
DA:15,0
DA:20,0
DA:21,0
DA:25,0
DA:26,0
DA:31,0
DA:35,0
DA:39,0
DA:40,0
DA:45,0
DA:50,0
DA:55,0
DA:56,0
DA:61,0
DA:64,0
DA:69,0
DA:73,0
DA:78,0
DA:79,0
DA:84,0
DA:85,0
DA:90,0
DA:91,0
DA:96,0
DA:97,0
LF:35
LH:0
BRF:0
BRH:0
end_of_record
TN:
SF:src\modules\notifications\notifications-management.service.ts
FN:27,(anonymous_2)
FN:34,(anonymous_3)
FN:59,(anonymous_4)
FN:61,(anonymous_5)
FN:83,(anonymous_6)
FN:98,(anonymous_7)
FN:99,(anonymous_8)
FN:118,(anonymous_9)
FN:179,(anonymous_10)
FN:181,(anonymous_11)
FN:192,(anonymous_12)
FN:216,(anonymous_13)
FN:250,(anonymous_14)
FN:263,(anonymous_15)
FN:287,(anonymous_16)
FN:310,(anonymous_17)
FN:336,(anonymous_18)
FN:348,(anonymous_19)
FN:358,(anonymous_20)
FN:364,(anonymous_21)
FN:368,(anonymous_22)
FN:377,(anonymous_23)
FNF:22
FNH:0
FNDA:0,(anonymous_2)
FNDA:0,(anonymous_3)
FNDA:0,(anonymous_4)
FNDA:0,(anonymous_5)
FNDA:0,(anonymous_6)
FNDA:0,(anonymous_7)
FNDA:0,(anonymous_8)
FNDA:0,(anonymous_9)
FNDA:0,(anonymous_10)
FNDA:0,(anonymous_11)
FNDA:0,(anonymous_12)
FNDA:0,(anonymous_13)
FNDA:0,(anonymous_14)
FNDA:0,(anonymous_15)
FNDA:0,(anonymous_16)
FNDA:0,(anonymous_17)
FNDA:0,(anonymous_18)
FNDA:0,(anonymous_19)
FNDA:0,(anonymous_20)
FNDA:0,(anonymous_21)
FNDA:0,(anonymous_22)
FNDA:0,(anonymous_23)
DA:1,0
DA:7,0
DA:13,0
DA:17,0
DA:21,0
DA:22,0
DA:23,0
DA:26,0
DA:28,0
DA:29,0
DA:30,0
DA:31,0
DA:35,0
DA:40,0
DA:42,0
DA:44,0
DA:60,0
DA:61,0
DA:76,0
DA:77,0
DA:80,0
DA:84,0
DA:86,0
DA:98,0
DA:99,0
DA:101,0
DA:105,0
DA:123,0
DA:125,0
DA:126,0
DA:129,0
DA:130,0
DA:131,0
DA:151,0
DA:152,0
DA:172,0
DA:173,0
DA:176,0
DA:180,0
DA:181,0
DA:198,0
DA:204,0
DA:205,0
DA:225,0
DA:226,0
DA:227,0
DA:228,0
DA:229,0
DA:233,0
DA:238,0
DA:239,0
DA:251,0
DA:252,0
DA:264,0
DA:265,0
DA:266,0
DA:268,0
DA:271,0
DA:284,0
DA:285,0
DA:288,0
DA:289,0
DA:311,0
DA:312,0
DA:315,0
DA:320,0
DA:337,0
DA:342,0
DA:349,0
DA:350,0
DA:352,0
DA:353,0
DA:355,0
DA:359,0
DA:365,0
DA:369,0
DA:370,0
DA:372,0
DA:373,0
DA:378,0
DA:379,0
DA:381,0
DA:382,0
LF:83
LH:0
BRDA:40,0,0,0
BRDA:40,0,1,0
BRDA:42,1,0,0
BRDA:42,1,1,0
BRDA:42,1,2,0
BRDA:60,2,0,0
BRDA:60,2,1,0
BRDA:76,3,0,0
BRDA:76,3,1,0
BRDA:101,4,0,0
BRDA:101,4,1,0
BRDA:101,4,2,0
BRDA:108,5,0,0
BRDA:108,5,1,0
BRDA:110,6,0,0
BRDA:110,6,1,0
BRDA:125,7,0,0
BRDA:125,7,1,0
BRDA:130,8,0,0
BRDA:130,8,1,0
BRDA:151,9,0,0
BRDA:151,9,1,0
BRDA:172,10,0,0
BRDA:172,10,1,0
BRDA:225,11,0,0
BRDA:225,11,1,0
BRDA:228,12,0,0
BRDA:228,12,1,0
BRDA:264,13,0,0
BRDA:264,13,1,0
BRDA:264,14,0,0
BRDA:264,14,1,0
BRDA:265,15,0,0
BRDA:265,15,1,0
BRDA:268,16,0,0
BRDA:268,16,1,0
BRDA:268,17,0,0
BRDA:268,17,1,0
BRDA:275,18,0,0
BRDA:275,18,1,0
BRDA:277,19,0,0
BRDA:277,19,1,0
BRDA:288,20,0,0
BRDA:288,20,1,0
BRDA:288,21,0,0
BRDA:288,21,1,0
BRDA:293,22,0,0
BRDA:293,22,1,0
BRDA:295,23,0,0
BRDA:295,23,1,0
BRDA:297,24,0,0
BRDA:297,24,1,0
BRDA:299,25,0,0
BRDA:299,25,1,0
BRDA:302,26,0,0
BRDA:302,26,1,0
BRDA:303,27,0,0
BRDA:303,27,1,0
BRDA:311,28,0,0
BRDA:311,28,1,0
BRDA:324,29,0,0
BRDA:324,29,1,0
BRDA:326,30,0,0
BRDA:326,30,1,0
BRDA:330,31,0,0
BRDA:330,31,1,0
BRDA:349,32,0,0
BRDA:349,32,1,0
BRDA:352,33,0,0
BRDA:352,33,1,0
BRDA:359,34,0,0
BRDA:359,34,1,0
BRDA:365,35,0,0
BRDA:365,35,1,0
BRDA:369,36,0,0
BRDA:369,36,1,0
BRDA:372,37,0,0
BRDA:372,37,1,0
BRDA:378,38,0,0
BRDA:378,38,1,0
BRDA:381,39,0,0
BRDA:381,39,1,0
BRF:82
BRH:0
end_of_record
TN:
SF:src\modules\notifications\notifications.controller.ts
FN:12,(anonymous_4)
FN:15,(anonymous_5)
FN:20,(anonymous_6)
FN:25,(anonymous_7)
FNF:4
FNH:0
FNDA:0,(anonymous_4)
FNDA:0,(anonymous_5)
FNDA:0,(anonymous_6)
FNDA:0,(anonymous_7)
DA:1,0
DA:2,0
DA:3,0
DA:5,0
DA:6,0
DA:11,0
DA:12,0
DA:15,0
DA:16,0
DA:20,0
DA:21,0
DA:25,0
DA:26,0
LF:13
LH:0
BRF:0
BRH:0
end_of_record
TN:
SF:src\modules\notifications\notifications.module.ts
FNF:0
FNH:0
DA:1,0
DA:2,0
DA:3,0
DA:4,0
DA:5,0
DA:6,0
DA:7,0
DA:8,0
DA:9,0
DA:10,0
DA:11,0
DA:12,0
DA:13,0
DA:14,0
DA:36,0
LF:15
LH:0
BRF:0
BRH:0
end_of_record
TN:
SF:src\modules\notifications\notifications.service.ts
FN:53,(anonymous_2)
FN:58,(anonymous_3)
FN:87,(anonymous_4)
FN:96,(anonymous_5)
FN:143,(anonymous_6)
FN:155,(anonymous_7)
FN:184,(anonymous_8)
FN:191,(anonymous_9)
FN:194,(anonymous_10)
FN:197,(anonymous_11)
FN:209,(anonymous_12)
FN:224,(anonymous_13)
FN:243,(anonymous_14)
FN:259,(anonymous_15)
FN:280,(anonymous_16)
FN:314,(anonymous_17)
FN:433,(anonymous_18)
FN:437,(anonymous_19)
FNF:18
FNH:0
FNDA:0,(anonymous_2)
FNDA:0,(anonymous_3)
FNDA:0,(anonymous_4)
FNDA:0,(anonymous_5)
FNDA:0,(anonymous_6)
FNDA:0,(anonymous_7)
FNDA:0,(anonymous_8)
FNDA:0,(anonymous_9)
FNDA:0,(anonymous_10)
FNDA:0,(anonymous_11)
FNDA:0,(anonymous_12)
FNDA:0,(anonymous_13)
FNDA:0,(anonymous_14)
FNDA:0,(anonymous_15)
FNDA:0,(anonymous_16)
FNDA:0,(anonymous_17)
FNDA:0,(anonymous_18)
FNDA:0,(anonymous_19)
DA:1,4
DA:2,4
DA:3,4
DA:9,4
DA:12,4
DA:52,4
DA:54,0
DA:55,0
DA:59,0
DA:60,0
DA:61,0
DA:63,0
DA:69,0
DA:75,0
DA:86,0
DA:87,0
DA:97,0
DA:111,0
DA:112,0
DA:115,0
DA:116,0
DA:122,0
DA:137,0
DA:144,0
DA:149,0
DA:156,0
DA:160,0
DA:172,0
DA:181,0
DA:185,0
DA:186,0
DA:187,0
DA:190,0
DA:191,0
DA:194,0
DA:196,0
DA:197,0
DA:208,0
DA:210,0
DA:221,0
DA:228,0
DA:233,0
DA:234,0
DA:237,0
DA:244,0
DA:245,0
DA:247,0
DA:248,0
DA:249,0
DA:250,0
DA:252,0
DA:253,0
DA:256,0
DA:260,0
DA:261,0
DA:265,0
DA:281,0
DA:282,0
DA:283,0
DA:285,0
DA:288,0
DA:289,0
DA:300,0
DA:301,0
DA:302,0
DA:303,0
DA:307,0
DA:308,0
DA:311,0
DA:315,0
DA:316,0
DA:319,0
DA:320,0
DA:323,0
DA:324,0
DA:327,0
DA:328,0
DA:329,0
DA:333,0
DA:336,0
DA:337,0
DA:338,0
DA:342,0
DA:345,0
DA:346,0
DA:347,0
DA:351,0
DA:354,0
DA:355,0
DA:356,0
DA:360,0
DA:363,0
DA:364,0
DA:365,0
DA:376,0
DA:379,0
DA:380,0
DA:381,0
DA:392,0
DA:395,0
DA:396,0
DA:402,0
DA:406,0
DA:409,0
DA:416,0
DA:419,0
DA:420,0
DA:427,0
DA:430,0
DA:434,0
DA:438,0
DA:439,0
DA:442,0
DA:443,0
DA:455,0
DA:456,0
DA:457,0
DA:458,0
DA:462,0
LF:119
LH:6
BRDA:60,0,0,0
BRDA:60,0,1,0
BRDA:61,1,0,0
BRDA:61,1,1,0
BRDA:63,2,0,0
BRDA:63,2,1,0
BRDA:65,3,0,0
BRDA:65,3,1,0
BRDA:71,4,0,0
BRDA:71,4,1,0
BRDA:72,5,0,0
BRDA:72,5,1,0
BRDA:72,6,0,0
BRDA:72,6,1,0
BRDA:91,7,0,0
BRDA:91,7,1,0
BRDA:111,8,0,0
BRDA:111,8,1,0
BRDA:115,9,0,0
BRDA:115,9,1,0
BRDA:163,10,0,0
BRDA:163,10,1,0
BRDA:167,11,0,0
BRDA:167,11,1,0
BRDA:168,12,0,0
BRDA:168,12,1,0
BRDA:177,13,0,0
BRDA:177,13,1,0
BRDA:186,14,0,0
BRDA:186,14,1,0
BRDA:199,15,0,0
BRDA:199,15,1,0
BRDA:203,16,0,0
BRDA:203,16,1,0
BRDA:204,17,0,0
BRDA:204,17,1,0
BRDA:215,18,0,0
BRDA:215,18,1,0
BRDA:233,19,0,0
BRDA:233,19,1,0
BRDA:248,20,0,0
BRDA:248,20,1,0
BRDA:249,21,0,0
BRDA:249,21,1,0
BRDA:261,22,0,0
BRDA:261,22,1,0
BRDA:281,23,0,0
BRDA:281,23,1,0
BRDA:281,24,0,0
BRDA:281,24,1,0
BRDA:281,24,2,0
BRDA:282,25,0,0
BRDA:282,25,1,0
BRDA:282,26,0,0
BRDA:282,26,1,0
BRDA:302,27,0,0
BRDA:302,27,1,0
BRDA:302,28,0,0
BRDA:302,28,1,0
BRDA:307,29,0,0
BRDA:307,29,1,0
BRDA:307,30,0,0
BRDA:307,30,1,0
BRDA:315,31,0,0
BRDA:315,31,1,0
BRDA:319,32,0,0
BRDA:319,32,1,0
BRDA:323,33,0,0
BRDA:323,33,1,0
BRDA:327,34,0,0
BRDA:327,34,1,0
BRDA:330,35,0,0
BRDA:330,35,1,0
BRDA:336,36,0,0
BRDA:336,36,1,0
BRDA:339,37,0,0
BRDA:339,37,1,0
BRDA:345,38,0,0
BRDA:345,38,1,0
BRDA:348,39,0,0
BRDA:348,39,1,0
BRDA:354,40,0,0
BRDA:354,40,1,0
BRDA:357,41,0,0
BRDA:357,41,1,0
BRDA:363,42,0,0
BRDA:363,42,1,0
BRDA:366,43,0,0
BRDA:366,43,1,0
BRDA:379,44,0,0
BRDA:379,44,1,0
BRDA:382,45,0,0
BRDA:382,45,1,0
BRDA:395,46,0,0
BRDA:395,46,1,0
BRDA:396,47,0,0
BRDA:396,47,1,0
BRDA:397,48,0,0
BRDA:397,48,1,0
BRDA:397,48,2,0
BRDA:397,48,3,0
BRDA:412,49,0,0
BRDA:412,49,1,0
BRDA:419,50,0,0
BRDA:419,50,1,0
BRDA:422,51,0,0
BRDA:422,51,1,0
BRDA:422,52,0,0
BRDA:422,52,1,0
BRDA:434,53,0,0
BRDA:434,53,1,0
BRDA:434,53,2,0
BRDA:438,54,0,0
BRDA:438,54,1,0
BRDA:438,55,0,0
BRDA:438,55,1,0
BRDA:438,55,2,0
BRDA:457,56,0,0
BRDA:457,56,1,0
BRDA:457,57,0,0
BRDA:457,57,1,0
BRF:121
BRH:0
end_of_record
TN:
SF:src\modules\notifications\whatsapp.controller.ts
FN:14,(anonymous_4)
FN:18,(anonymous_5)
FN:24,(anonymous_6)
FN:30,(anonymous_7)
FNF:4
FNH:0
FNDA:0,(anonymous_4)
FNDA:0,(anonymous_5)
FNDA:0,(anonymous_6)
FNDA:0,(anonymous_7)
DA:1,0
DA:2,0
DA:3,0
DA:4,0
DA:5,0
DA:6,0
DA:7,0
DA:8,0
DA:13,0
DA:14,0
DA:18,0
DA:19,0
DA:24,0
DA:25,0
DA:30,0
DA:31,0
LF:16
LH:0
BRDA:25,0,0,0
BRDA:25,0,1,0
BRF:2
BRH:0
end_of_record
TN:
SF:src\modules\notifications\dto\create-notification-template.dto.ts
FNF:0
FNH:0
DA:1,0
DA:2,0
DA:3,0
DA:5,0
DA:9,0
DA:13,0
DA:18,0
DA:23,0
DA:29,0
DA:34,0
DA:39,0
LF:11
LH:0
BRF:0
BRH:0
end_of_record
TN:
SF:src\modules\notifications\dto\list-notification-management-logs-query.dto.ts
FN:9,(anonymous_2)
FN:16,(anonymous_3)
FNF:2
FNH:0
FNDA:0,(anonymous_2)
FNDA:0,(anonymous_3)
DA:1,0
DA:2,0
DA:3,0
DA:4,0
DA:6,0
DA:9,0
DA:12,0
DA:16,0
DA:20,0
DA:25,0
DA:30,0
[...]
FN:21,(anonymous_4)
FNF:3
FNH:0
FNDA:0,(anonymous_2)
FNDA:0,(anonymous_3)
FNDA:0,(anonymous_4)
DA:1,0
DA:2,0
DA:3,0
DA:4,0
DA:6,0
DA:9,0
DA:11,0
DA:15,0
DA:17,0
DA:21,0
DA:23,0
LF:11
LH:0
BRDA:9,0,0,0
BRDA:9,0,1,0
BRDA:15,1,0,0
BRDA:15,1,1,0
BRDA:21,2,0,0
BRDA:21,2,1,0
BRF:6
BRH:0
end_of_record
TN:
SF:src\modules\teams\dto\update-team-leader.dto.ts
FN:8,(anonymous_2)
FN:9,(anonymous_3)
FNF:2
FNH:0
FNDA:0,(anonymous_2)
FNDA:0,(anonymous_3)
DA:1,0
DA:2,0
DA:3,0
DA:5,0
DA:8,0
DA:9,0
DA:11,0
LF:7
LH:0
BRDA:8,0,0,0
BRDA:8,0,1,0
BRF:2
BRH:0
end_of_record
TN:
SF:src\modules\teams\dto\update-team.dto.ts
FN:9,(anonymous_2)
FN:17,(anonymous_3)
FN:24,(anonymous_4)
FNF:3
FNH:0
FNDA:0,(anonymous_2)
FNDA:0,(anonymous_3)
FNDA:0,(anonymous_4)
DA:1,0
DA:2,0
DA:3,0
DA:4,0
DA:6,0
DA:9,0
DA:13,0
DA:17,0
DA:20,0
DA:24,0
DA:27,0
DA:32,0
LF:12
LH:0
BRDA:9,0,0,0
BRDA:9,0,1,0
BRDA:17,1,0,0
BRDA:17,1,1,0
BRDA:24,2,0,0
BRDA:24,2,1,0
BRF:6
BRH:0
end_of_record
TN:
SF:src\modules\users\users.controller.ts
FN:23,(anonymous_4)
FN:26,(anonymous_5)
FN:32,(anonymous_6)
FN:40,(anonymous_7)
FN:45,(anonymous_8)
FN:50,(anonymous_9)
FN:59,(anonymous_10)
FN:68,(anonymous_11)
FN:77,(anonymous_12)
FN:86,(anonymous_13)
FN:95,(anonymous_14)
FN:104,(anonymous_15)
FN:113,(anonymous_16)
FN:122,(anonymous_17)
FN:127,(anonymous_18)
FNF:15
FNH:0
FNDA:0,(anonymous_4)
FNDA:0,(anonymous_5)
FNDA:0,(anonymous_6)
FNDA:0,(anonymous_7)
FNDA:0,(anonymous_8)
FNDA:0,(anonymous_9)
FNDA:0,(anonymous_10)
FNDA:0,(anonymous_11)
FNDA:0,(anonymous_12)
FNDA:0,(anonymous_13)
FNDA:0,(anonymous_14)
FNDA:0,(anonymous_15)
FNDA:0,(anonymous_16)
FNDA:0,(anonymous_17)
FNDA:0,(anonymous_18)
DA:1,0
DA:2,0
DA:3,0
DA:4,0
DA:5,0
DA:7,0
DA:8,0
DA:9,0
DA:10,0
DA:11,0
DA:12,0
DA:13,0
DA:14,0
DA:15,0
DA:16,0
DA:22,0
DA:23,0
DA:26,0
DA:27,0
DA:32,0
DA:36,0
DA:40,0
DA:41,0
DA:45,0
DA:46,0
DA:50,0
DA:55,0
DA:59,0
DA:64,0
DA:68,0
DA:73,0
DA:77,0
DA:82,0
DA:86,0
DA:91,0
DA:95,0
DA:100,0
DA:104,0
DA:109,0
DA:113,0
DA:118,0
DA:122,0
DA:123,0
DA:127,0
DA:128,0
LF:45
LH:0
BRF:0
BRH:0
end_of_record
TN:
SF:src\modules\users\users.module.ts
FNF:0
FNH:0
DA:1,0
DA:2,0
DA:3,0
DA:4,0
DA:5,0
DA:13,0
LF:6
LH:0
BRF:0
BRH:0
end_of_record
TN:
SF:src\modules\users\users.service.ts
FN:112,(anonymous_2)
FN:118,(anonymous_3)
FN:158,(anonymous_4)
FN:166,(anonymous_5)
FN:181,(anonymous_6)
FN:221,(anonymous_7)
FN:249,(anonymous_8)
FN:259,(anonymous_9)
FN:260,(anonymous_10)
FN:317,(anonymous_11)
FN:320,(anonymous_12)
FN:353,(anonymous_13)
FN:354,(anonymous_14)
FN:389,(anonymous_15)
FN:419,(anonymous_16)
FN:454,(anonymous_17)
FN:476,(anonymous_18)
FN:522,(anonymous_19)
FN:565,(anonymous_20)
FN:583,(anonymous_21)
FN:593,(anonymous_22)
FN:622,(anonymous_23)
FN:644,(anonymous_24)
FN:670,(anonymous_25)
FN:692,(anonymous_26)
FN:729,(anonymous_27)
FN:736,(anonymous_28)
FN:759,(anonymous_29)
FN:806,(anonymous_30)
FN:814,(anonymous_31)
FN:829,(anonymous_32)
FN:840,(anonymous_33)
FN:850,(anonymous_34)
FN:856,(anonymous_35)
FN:864,(anonymous_36)
FN:887,(anonymous_37)
FN:902,(anonymous_38)
FN:908,(anonymous_39)
FN:920,(anonymous_40)
FN:936,(anonymous_41)
FN:955,(anonymous_42)
FN:959,(anonymous_43)
FN:977,(anonymous_44)
FN:1020,(anonymous_45)
FN:1028,(anonymous_46)
FN:1029,(anonymous_47)
FN:1035,(anonymous_48)
FN:1036,(anonymous_49)
FN:1043,(anonymous_50)
FN:1065,(anonymous_51)
FN:1071,(anonymous_52)
FNF:51
FNH:12
FNDA:10,(anonymous_2)
FNDA:1,(anonymous_3)
FNDA:0,(anonymous_4)
FNDA:0,(anonymous_5)
FNDA:0,(anonymous_6)
FNDA:0,(anonymous_7)
FNDA:0,(anonymous_8)
FNDA:0,(anonymous_9)
FNDA:0,(anonymous_10)
FNDA:1,(anonymous_11)
FNDA:1,(anonymous_12)
FNDA:0,(anonymous_13)
FNDA:0,(anonymous_14)
FNDA:0,(anonymous_15)
FNDA:0,(anonymous_16)
FNDA:2,(anonymous_17)
FNDA:0,(anonymous_18)
FNDA:6,(anonymous_19)
FNDA:0,(anonymous_20)
FNDA:0,(anonymous_21)
FNDA:0,(anonymous_22)
FNDA:0,(anonymous_23)
FNDA:0,(anonymous_24)
FNDA:0,(anonymous_25)
FNDA:0,(anonymous_26)
FNDA:0,(anonymous_27)
FNDA:0,(anonymous_28)
FNDA:0,(anonymous_29)
FNDA:0,(anonymous_30)
FNDA:0,(anonymous_31)
FNDA:0,(anonymous_32)
FNDA:0,(anonymous_33)
FNDA:1,(anonymous_34)
FNDA:0,(anonymous_35)
FNDA:1,(anonymous_36)
FNDA:0,(anonymous_37)
FNDA:6,(anonymous_38)
FNDA:0,(anonymous_39)
FNDA:0,(anonymous_40)
FNDA:0,(anonymous_41)
FNDA:0,(anonymous_42)
FNDA:3,(anonymous_43)
FNDA:1,(anonymous_44)
FNDA:2,(anonymous_45)
FNDA:0,(anonymous_46)
FNDA:0,(anonymous_47)
FNDA:0,(anonymous_48)
FNDA:0,(anonymous_49)
FNDA:0,(anonymous_50)
FNDA:0,(anonymous_51)
FNDA:0,(anonymous_52)
DA:1,1
DA:8,1
DA:9,1
DA:10,1
DA:11,1
DA:12,1
DA:14,1
DA:24,1
DA:101,1
DA:108,1
DA:111,1
DA:113,10
DA:114,10
DA:115,10
DA:119,1
DA:121,1
DA:122,1
DA:123,1
DA:124,1
DA:126,1
DA:144,1
DA:146,1
DA:157,1
DA:158,0
DA:167,0
DA:168,0
DA:170,0
DA:174,0
DA:175,0
DA:178,0
DA:182,0
DA:184,0
DA:185,0
DA:190,0
DA:191,0
DA:195,0
DA:196,0
DA:200,0
DA:202,0
DA:216,0
DA:222,0
DA:224,0
DA:229,0
DA:230,0
DA:233,0
DA:234,0
DA:237,0
DA:238,0
DA:241,0
DA:242,0
DA:245,0
DA:246,0
DA:247,0
DA:248,0
DA:249,0
DA:250,0
DA:252,0
DA:259,0
DA:260,0
DA:261,0
DA:276,0
DA:278,0
DA:285,0
DA:300,0
DA:311,0
DA:318,1
DA:319,1
DA:320,1
DA:322,1
DA:323,1
DA:328,0
DA:329,0
DA:332,0
DA:334,0
DA:338,0
DA:339,0
DA:342,0
DA:343,0
DA:348,0
DA:349,0
DA:353,0
DA:354,0
DA:355,0
DA:367,0
DA:383,0
DA:390,0
DA:392,0
DA:397,0
DA:401,0
DA:407,0
DA:408,0
DA:411,0
DA:415,0
DA:416,0
DA:419,0
DA:420,0
DA:426,0
DA:427,0
DA:433,0
DA:436,0
DA:448,0
DA:455,2
DA:456,1
DA:459,1
DA:461,1
DA:465,1
DA:466,0
DA:469,1
DA:470,1
DA:471,0
DA:473,1
DA:474,1
DA:476,1
DA:477,0
DA:486,0
DA:491,0
DA:494,1
DA:505,1
DA:516,1
DA:523,6
DA:525,2
DA:526,0
DA:529,2
DA:531,2
DA:535,2
DA:536,1
DA:539,1
DA:541,1
DA:547,1
DA:559,1
DA:566,0
DA:568,0
DA:569,0
DA:572,0
DA:574,0
DA:578,0
DA:579,0
DA:582,0
DA:583,0
DA:584,0
DA:586,0
DA:593,0
DA:594,0
DA:596,0
DA:603,0
DA:616,0
DA:623,0
DA:625,0
DA:630,0
DA:631,0
DA:634,0
DA:635,0
DA:640,0
DA:641,0
DA:644,0
DA:645,0
DA:652,0
DA:664,0
DA:671,0
DA:672,0
DA:675,0
DA:677,0
DA:682,0
DA:683,0
DA:686,0
DA:687,0
DA:692,0
DA:693,0
DA:704,0
DA:709,0
DA:712,0
DA:723,0
DA:730,0
DA:731,0
DA:732,0
DA:737,0
DA:742,0
DA:743,0
DA:746,0
DA:754,0
DA:755,0
DA:765,0
DA:767,0
DA:768,0
DA:771,0
DA:772,0
DA:775,0
DA:776,0
DA:779,0
DA:780,0
DA:783,0
DA:784,0
DA:789,0
DA:790,0
DA:794,0
DA:795,0
DA:800,0
DA:801,0
DA:804,0
DA:805,0
DA:806,0
DA:807,0
DA:808,0
DA:821,0
DA:823,0
DA:824,0
DA:827,0
DA:828,0
DA:829,0
DA:838,0
DA:839,0
DA:840,0
DA:851,1
DA:852,0
DA:857,0
DA:858,0
DA:865,1
DA:866,1
DA:869,0
DA:870,0
DA:871,0
DA:873,0
DA:874,0
DA:877,0
DA:878,0
DA:880,0
DA:881,0
DA:888,0
DA:889,0
DA:892,0
DA:893,0
DA:894,0
DA:896,0
DA:899,0
DA:903,6
DA:904,4
DA:909,0
DA:910,0
DA:915,0
DA:916,0
DA:921,0
DA:922,0
DA:924,0
DA:928,0
DA:931,0
DA:932,0
DA:937,0
DA:941,0
DA:945,0
DA:946,0
DA:949,0
DA:950,0
DA:956,0
DA:960,3
DA:961,3
DA:962,3
DA:965,0
DA:972,0
DA:973,0
DA:978,1
DA:979,0
DA:982,1
DA:992,1
DA:993,0
DA:996,1
DA:1001,1
DA:1002,0
DA:1005,1
DA:1006,0
DA:1009,1
DA:1022,2
DA:1025,2
DA:1028,0
DA:1029,0
DA:1032,2
DA:1035,0
DA:1036,0
DA:1039,2
DA:1040,2
DA:1042,2
DA:1043,0
DA:1046,2
DA:1065,0
DA:1071,0
LF:284
LH:73
BRDA:108,0,0,1
BRDA:108,0,1,0
BRDA:121,1,0,1
BRDA:121,1,1,1
BRDA:122,2,0,1
BRDA:122,2,1,1
BRDA:127,3,0,1
BRDA:127,3,1,1
BRDA:128,4,0,0
BRDA:128,4,1,1
BRDA:129,5,0,0
BRDA:129,5,1,1
BRDA:144,6,0,0
BRDA:144,6,1,1
BRDA:162,7,0,1
BRDA:162,7,1,0
BRDA:174,8,0,0
BRDA:174,8,1,0
BRDA:184,9,0,0
BRDA:184,9,1,0
BRDA:190,10,0,0
BRDA:190,10,1,0
BRDA:197,11,0,0
BRDA:197,11,1,0
BRDA:200,12,0,0
BRDA:200,12,1,0
BRDA:229,13,0,0
BRDA:229,13,1,0
BRDA:233,14,0,0
BRDA:233,14,1,0
BRDA:237,15,0,0
BRDA:237,15,1,0
BRDA:237,16,0,0
BRDA:237,16,1,0
BRDA:241,17,0,0
BRDA:241,17,1,0
BRDA:241,18,0,0
BRDA:241,18,1,0
BRDA:241,18,2,0
BRDA:246,19,0,0
BRDA:246,19,1,0
BRDA:246,19,2,0
BRDA:247,20,0,0
BRDA:247,20,1,0
BRDA:248,21,0,0
BRDA:248,21,1,0
BRDA:249,22,0,0
BRDA:249,22,1,0
BRDA:268,23,0,0
BRDA:268,23,1,0
BRDA:271,24,0,0
BRDA:271,24,1,0
BRDA:322,25,0,1
BRDA:322,25,1,0
BRDA:328,26,0,0
BRDA:328,26,1,0
BRDA:338,27,0,0
BRDA:338,27,1,0
BRDA:342,28,0,0
BRDA:342,28,1,0
BRDA:348,29,0,0
BRDA:348,29,1,0
BRDA:359,30,0,0
BRDA:359,30,1,0
BRDA:377,31,0,0
BRDA:377,31,1,0
BRDA:392,32,0,0
BRDA:392,32,1,0
BRDA:393,33,0,0
BRDA:393,33,1,0
BRDA:393,33,2,0
BRDA:401,34,0,0
BRDA:401,34,1,0
BRDA:402,35,0,0
BRDA:402,35,1,0
BRDA:403,36,0,0
BRDA:403,36,1,0
BRDA:407,37,0,0
BRDA:407,37,1,0
BRDA:415,38,0,0
BRDA:415,38,1,0
BRDA:426,39,0,0
BRDA:426,39,1,0
BRDA:426,40,0,0
BRDA:426,40,1,0
BRDA:455,41,0,1
BRDA:455,41,1,1
BRDA:455,42,0,2
BRDA:455,42,1,2
BRDA:465,43,0,0
BRDA:465,43,1,1
BRDA:469,44,0,1
BRDA:469,44,1,0
BRDA:470,45,0,0
BRDA:470,45,1,1
BRDA:474,46,0,1
BRDA:474,46,1,1
BRDA:525,47,0,0
BRDA:525,47,1,2
BRDA:535,48,0,1
BRDA:535,48,1,1
BRDA:568,49,0,0
BRDA:568,49,1,0
BRDA:578,50,0,0
BRDA:578,50,1,0
BRDA:582,51,0,0
BRDA:582,51,1,0
BRDA:583,52,0,0
BRDA:583,52,1,0
BRDA:630,53,0,0
BRDA:630,53,1,0
BRDA:634,54,0,0
BRDA:634,54,1,0
BRDA:634,55,0,0
BRDA:634,55,1,0
BRDA:634,55,2,0
BRDA:640,56,0,0
BRDA:640,56,1,0
BRDA:647,57,0,0
BRDA:647,57,1,0
BRDA:659,58,0,0
BRDA:659,58,1,0
BRDA:660,59,0,0
BRDA:660,59,1,0
BRDA:665,60,0,0
BRDA:665,60,1,0
BRDA:671,61,0,0
BRDA:671,61,1,0
BRDA:671,62,0,0
BRDA:671,62,1,0
BRDA:682,63,0,0
BRDA:682,63,1,0
BRDA:686,64,0,0
BRDA:686,64,1,0
BRDA:686,65,0,0
BRDA:686,65,1,0
BRDA:699,66,0,0
BRDA:699,66,1,0
BRDA:731,67,0,0
BRDA:731,67,1,0
BRDA:742,68,0,0
BRDA:742,68,1,0
BRDA:749,69,0,0
BRDA:749,69,1,0
BRDA:754,70,0,0
BRDA:754,70,1,0
BRDA:767,71,0,0
BRDA:767,71,1,0
BRDA:767,72,0,0
BRDA:767,72,1,0
BRDA:771,73,0,0
BRDA:771,73,1,0
BRDA:771,74,0,0
BRDA:771,74,1,0
BRDA:771,74,2,0
BRDA:775,75,0,0
BRDA:775,75,1,0
BRDA:775,76,0,0
BRDA:775,76,1,0
BRDA:779,77,0,0
BRDA:779,77,1,0
BRDA:779,78,0,0
BRDA:779,78,1,0
BRDA:783,79,0,0
BRDA:783,79,1,0
BRDA:789,80,0,0
BRDA:789,80,1,0
BRDA:794,81,0,0
BRDA:794,81,1,0
BRDA:800,82,0,0
BRDA:800,82,1,0
BRDA:804,83,0,0
BRDA:804,83,1,0
BRDA:807,84,0,0
BRDA:807,84,1,0
BRDA:823,85,0,0
BRDA:823,85,1,0
BRDA:823,86,0,0
BRDA:823,86,1,0
BRDA:827,87,0,0
BRDA:827,87,1,0
BRDA:838,88,0,0
BRDA:838,88,1,0
BRDA:851,89,0,0
BRDA:851,89,1,1
BRDA:851,90,0,1
BRDA:851,90,1,1
BRDA:857,91,0,0
BRDA:857,91,1,0
BRDA:857,92,0,0
BRDA:857,92,1,0
BRDA:865,93,0,1
BRDA:865,93,1,0
BRDA:873,94,0,0
BRDA:873,94,1,0
BRDA:873,95,0,0
BRDA:873,95,1,0
BRDA:873,95,2,0
BRDA:880,96,0,0
BRDA:880,96,1,0
BRDA:880,97,0,0
BRDA:880,97,1,0
BRDA:888,98,0,0
BRDA:888,98,1,0
BRDA:892,99,0,0
BRDA:892,99,1,0
BRDA:893,100,0,0
BRDA:893,100,1,0
BRDA:903,101,0,4
BRDA:903,101,1,2
BRDA:924,102,0,0
BRDA:924,102,1,0
BRDA:925,103,0,0
BRDA:925,103,1,0
BRDA:937,104,0,0
BRDA:937,104,1,0
BRDA:938,105,0,0
BRDA:938,105,1,0
BRDA:941,106,0,0
BRDA:941,106,1,0
BRDA:943,107,0,0
BRDA:943,107,1,0
BRDA:945,108,0,0
BRDA:945,108,1,0
BRDA:945,109,0,0
BRDA:945,109,1,0
BRDA:949,110,0,0
BRDA:949,110,1,0
BRDA:961,111,0,3
BRDA:961,111,1,0
BRDA:972,112,0,0
BRDA:972,112,1,0
BRDA:978,113,0,0
BRDA:978,113,1,1
BRDA:992,114,0,0
BRDA:992,114,1,1
BRDA:1001,115,0,0
BRDA:1001,115,1,1
BRDA:1005,116,0,0
BRDA:1005,116,1,1
BRDA:1005,117,0,1
BRDA:1005,117,1,1
BRDA:1022,118,0,2
BRDA:1022,118,1,2
BRDA:1022,118,2,2
BRDA:1035,119,0,0
BRDA:1035,119,1,0
BRDA:1035,119,2,0
BRDA:1039,120,0,2
BRDA:1039,120,1,2
BRDA:1039,120,2,2
BRDA:1040,121,0,2
BRDA:1040,121,1,2
BRDA:1040,121,2,2
BRDA:1042,122,0,2
BRDA:1042,122,1,2
BRDA:1042,122,2,2
BRDA:1062,123,0,2
BRDA:1062,123,1,2
BRDA:1064,124,0,2
BRDA:1064,124,1,2
BRDA:1067,125,0,0
BRDA:1067,125,1,0
BRDA:1068,126,0,0
BRDA:1068,126,1,0
BRDA:1068,126,2,0
BRDA:1069,127,0,0
BRDA:1069,127,1,0
BRDA:1076,128,0,0
BRDA:1076,128,1,2
BRDA:1077,129,0,0
BRDA:1077,129,1,2
BRDA:1082,130,0,0
BRDA:1082,130,1,0
BRDA:1085,131,0,0
BRDA:1085,131,1,0
BRDA:1086,132,0,0
BRDA:1086,132,1,0
BRF:278
BRH:55
end_of_record
TN:
SF:src\modules\users\dto\create-user.dto.ts
FN:20,(anonymous_2)
FN:27,(anonymous_3)
FN:33,(anonymous_4)
FN:41,(anonymous_5)
FN:47,(anonymous_6)
FN:58,(anonymous_7)
FN:65,(anonymous_8)
FN:71,(anonymous_9)
FN:77,(anonymous_10)
FN:86,(anonymous_11)
FN:91,(anonymous_12)
FN:95,(anonymous_13)
FN:108,(anonymous_14)
FN:113,(anonymous_15)
FN:117,(anonymous_16)
FNF:15
FNH:0
FNDA:0,(anonymous_2)
FNDA:0,(anonymous_3)
FNDA:0,(anonymous_4)
FNDA:0,(anonymous_5)
FNDA:0,(anonymous_6)
FNDA:0,(anonymous_7)
FNDA:0,(anonymous_8)
FNDA:0,(anonymous_9)
FNDA:0,(anonymous_10)
FNDA:0,(anonymous_11)
FNDA:0,(anonymous_12)
FNDA:0,(anonymous_13)
FNDA:0,(anonymous_14)
FNDA:0,(anonymous_15)
FNDA:0,(anonymous_16)
DA:1,0
DA:2,0
DA:3,0
DA:4,0
DA:16,0
DA:18,0
DA:20,0
DA:24,0
DA:27,0
DA:30,0
DA:33,0
DA:38,0
DA:41,0
DA:43,0
DA:47,0
DA:51,0
DA:58,0
DA:61,0
DA:65,0
DA:67,0
DA:71,0
DA:73,0
DA:77,0
DA:79,0
DA:87,0
DA:88,0
DA:90,0
DA:91,0
DA:93,0
DA:95,0
DA:101,0
DA:109,0
DA:110,0
DA:112,0
DA:113,0
DA:115,0
DA:117,0
DA:123,0
LF:38
LH:0
BRDA:20,0,0,0
BRDA:20,0,1,0
BRDA:27,1,0,0
BRDA:27,1,1,0
BRDA:33,2,0,0
BRDA:33,2,1,0
BRDA:47,3,0,0
BRDA:47,3,1,0
BRDA:58,4,0,0
BRDA:58,4,1,0
BRDA:65,5,0,0
BRDA:65,5,1,0
BRDA:71,6,0,0
BRDA:71,6,1,0
BRDA:77,7,0,0
BRDA:77,7,1,0
BRDA:87,8,0,0
BRDA:87,8,1,0
BRDA:87,9,0,0
BRDA:87,9,1,0
BRDA:87,9,2,0
BRDA:90,10,0,0
BRDA:90,10,1,0
BRDA:109,11,0,0
BRDA:109,11,1,0
BRDA:109,12,0,0
BRDA:109,12,1,0
BRDA:109,12,2,0
BRDA:112,13,0,0
BRDA:112,13,1,0
BRF:30
BRH:0
end_of_record
TN:
SF:src\modules\users\dto\link-user-servant.dto.ts
FN:11,(anonymous_2)
FNF:1
FNH:0
FNDA:0,(anonymous_2)
DA:1,0
DA:2,0
DA:4,0
DA:11,0
DA:13,0
LF:5
LH:0
BRF:0
BRH:0
end_of_record
TN:
SF:src\modules\users\dto\list-eligible-users-query.dto.ts
FNF:0
FNH:0
DA:1,0
DA:2,0
DA:4,0
DA:8,0
LF:4
LH:0
BRF:0
BRH:0
end_of_record
TN:
SF:src\modules\users\dto\list-users-query.dto.ts
FN:10,(anonymous_2)
FN:16,(anonymous_3)
FN:22,(anonymous_4)
FN:28,(anonymous_5)
FN:35,(anonymous_6)
FNF:5
FNH:0
FNDA:0,(anonymous_2)
FNDA:0,(anonymous_3)
FNDA:0,(anonymous_4)
FNDA:0,(anonymous_5)
FNDA:0,(anonymous_6)
DA:1,0
DA:2,0
DA:3,0
DA:4,0
DA:5,0
DA:7,0
DA:10,0
DA:12,0
DA:16,0
DA:18,0
DA:22,0
DA:24,0
DA:28,0
DA:31,0
DA:35,0
DA:39,0
LF:16
LH:0
BRDA:10,0,0,0
BRDA:10,0,1,0
BRDA:16,1,0,0
BRDA:16,1,1,0
BRF:4
BRH:0
end_of_record
TN:
SF:src\modules\users\dto\reset-user-password.dto.ts
FN:7,(anonymous_2)
FN:19,(anonymous_3)
FN:30,(anonymous_4)
FNF:3
FNH:0
FNDA:0,(anonymous_2)
FNDA:0,(anonymous_3)
FNDA:0,(anonymous_4)
DA:1,0
DA:2,0
DA:3,0
DA:5,0
DA:7,0
DA:11,0
DA:19,0
DA:23,0
DA:31,0
DA:32,0
DA:34,0
DA:35,0
DA:36,0
DA:37,0
DA:39,0
DA:40,0
DA:43,0
DA:46,0
LF:18
LH:0
BRDA:7,0,0,0
BRDA:7,0,1,0
BRDA:19,1,0,0
BRDA:19,1,1,0
BRDA:31,2,0,0
BRDA:31,2,1,0
BRDA:34,3,0,0
BRDA:34,3,1,0
BRDA:36,4,0,0
BRDA:36,4,1,0
BRDA:39,5,0,0
BRDA:39,5,1,0
BRF:12
BRH:0
end_of_record
TN:
SF:src\modules\users\dto\role-aliases.ts
FN:16,normalizeRoleAlias
FNF:1
FNH:0
FNDA:0,normalizeRoleAlias
DA:1,0
DA:3,0
DA:16,0
DA:17,0
DA:18,0
DA:21,0
DA:22,0
LF:7
LH:0
BRDA:17,0,0,0
BRDA:17,0,1,0
BRDA:22,1,0,0
BRDA:22,1,1,0
BRF:4
BRH:0
end_of_record
TN:
SF:src\modules\users\dto\update-user-role.dto.ts
FN:9,(anonymous_2)
FNF:1
FNH:0
FNDA:0,(anonymous_2)
DA:1,0
DA:2,0
DA:3,0
DA:4,0
DA:5,0
DA:7,0
DA:9,0
DA:11,0
LF:8
LH:0
BRF:0
BRH:0
end_of_record
TN:
SF:src\modules\users\dto\update-user-scope.dto.ts
FN:8,(anonymous_2)
FN:17,(anonymous_3)
FN:22,(anonymous_4)
FN:26,(anonymous_5)
FN:39,(anonymous_6)
FN:44,(anonymous_7)
FN:48,(anonymous_8)
FNF:7
FNH:0
FNDA:0,(anonymous_2)
FNDA:0,(anonymous_3)
FNDA:0,(anonymous_4)
FNDA:0,(anonymous_5)
FNDA:0,(anonymous_6)
FNDA:0,(anonymous_7)
FNDA:0,(anonymous_8)
DA:1,0
DA:2,0
DA:3,0
DA:4,0
DA:6,0
DA:8,0
DA:10,0
DA:18,0
DA:19,0
DA:21,0
DA:22,0
DA:24,0
DA:26,0
DA:32,0
DA:40,0
DA:41,0
DA:43,0
DA:44,0
DA:46,0
DA:48,0
DA:54,0
LF:21
LH:0
BRDA:8,0,0,0
BRDA:8,0,1,0
BRDA:18,1,0,0
BRDA:18,1,1,0
BRDA:18,2,0,0
BRDA:18,2,1,0
BRDA:18,2,2,0
BRDA:21,3,0,0
BRDA:21,3,1,0
BRDA:40,4,0,0
BRDA:40,4,1,0
BRDA:40,5,0,0
BRDA:40,5,1,0
BRDA:40,5,2,0
BRDA:43,6,0,0
BRDA:43,6,1,0
BRF:16
BRH:0
end_of_record
TN:
SF:src\modules\users\dto\update-user-status.dto.ts
FN:9,(anonymous_2)
FN:15,(anonymous_3)
FNF:2
FNH:0
FNDA:0,(anonymous_2)
FNDA:0,(anonymous_3)
DA:1,0
DA:2,0
DA:3,0
DA:4,0
DA:6,0
DA:9,0
DA:11,0
DA:16,0
DA:17,0
DA:19,0
DA:20,0
DA:21,0
DA:22,0
DA:24,0
DA:25,0
DA:28,0
DA:31,0
LF:17
LH:0
BRDA:9,0,0,0
BRDA:9,0,1,0
BRDA:16,1,0,0
BRDA:16,1,1,0
BRDA:19,2,0,0
BRDA:19,2,1,0
BRDA:21,3,0,0
BRDA:21,3,1,0
BRDA:24,4,0,0
BRDA:24,4,1,0
BRF:10
BRH:0
end_of_record
TN:
SF:src\modules\users\dto\update-user.dto.ts
FN:15,(anonymous_2)
FN:23,(anonymous_3)
FN:29,(anonymous_4)
FNF:3
FNH:0
FNDA:0,(anonymous_2)
FNDA:0,(anonymous_3)
FNDA:0,(anonymous_4)
DA:1,0
DA:2,0
DA:3,0
DA:12,0
DA:15,0
DA:19,0
DA:23,0
DA:25,0
DA:29,0
DA:33,0
LF:10
LH:0
BRDA:15,0,0,0
BRDA:15,0,1,0
BRDA:23,1,0,0
BRDA:23,1,1,0
BRDA:29,2,0,0
BRDA:29,2,1,0
BRF:6
BRH:0
end_of_record
TN:
SF:src\modules\worship-services\worship-services.controller.ts
FN:16,(anonymous_4)
FN:19,(anonymous_5)
FN:24,(anonymous_6)
FN:30,(anonymous_7)
FN:36,(anonymous_8)
FNF:5
FNH:0
FNDA:0,(anonymous_4)
FNDA:0,(anonymous_5)
FNDA:0,(anonymous_6)
FNDA:0,(anonymous_7)
FNDA:0,(anonymous_8)
DA:1,0
DA:2,0
DA:3,0
DA:4,0
DA:5,0
DA:7,0
DA:8,0
DA:9,0
DA:10,0
DA:15,0
DA:16,0
DA:19,0
DA:20,0
DA:24,0
DA:25,0
DA:30,0
DA:31,0
DA:36,0
DA:41,0
LF:19
LH:0
BRF:0
BRH:0
end_of_record
TN:
SF:src\modules\worship-services\worship-services.module.ts
FNF:0
FNH:0
DA:1,0
DA:2,0
DA:3,0
DA:4,0
DA:5,0
DA:13,0
LF:6
LH:0
BRF:0
BRH:0
end_of_record
TN:
SF:src\modules\worship-services\worship-services.service.ts
FN:16,(anonymous_2)
FN:22,(anonymous_3)
FN:31,(anonymous_4)
FN:72,(anonymous_5)
FN:76,(anonymous_6)
FN:80,(anonymous_7)
FN:138,(anonymous_8)
FN:158,(anonymous_9)
FN:182,(anonymous_10)
FN:192,(anonymous_11)
FN:198,(anonymous_12)
FN:216,(anonymous_13)
FNF:12
FNH:0
FNDA:0,(anonymous_2)
FNDA:0,(anonymous_3)
FNDA:0,(anonymous_4)
FNDA:0,(anonymous_5)
FNDA:0,(anonymous_6)
FNDA:0,(anonymous_7)
FNDA:0,(anonymous_8)
FNDA:0,(anonymous_9)
FNDA:0,(anonymous_10)
FNDA:0,(anonymous_11)
FNDA:0,(anonymous_12)
FNDA:0,(anonymous_13)
DA:1,0
DA:2,0
DA:3,0
DA:4,0
DA:5,0
DA:6,0
DA:8,0
DA:9,0
DA:15,0
DA:17,0
DA:18,0
DA:19,0
DA:23,0
DA:32,0
DA:33,0
DA:36,0
DA:37,0
DA:39,0
DA:45,0
DA:73,0
DA:74,0
DA:76,0
DA:81,0
DA:82,0
DA:84,0
DA:85,0
DA:104,0
DA:105,0
DA:109,0
DA:135,0
DA:139,0
DA:146,0
DA:153,0
DA:155,0
DA:159,0
DA:161,0
DA:169,0
DA:177,0
DA:179,0
DA:183,0
DA:187,0
DA:188,0
DA:193,0
DA:198,0
DA:199,0
DA:200,0
DA:203,0
DA:211,0
DA:212,0
DA:215,0
DA:216,0
LF:51
LH:0
BRDA:24,0,0,0
BRDA:24,0,1,0
BRDA:24,0,2,0
BRDA:24,0,3,0
BRDA:32,1,0,0
BRDA:32,1,1,0
BRDA:32,2,0,0
BRDA:32,2,1,0
BRDA:47,3,0,0
BRDA:47,3,1,0
BRDA:53,4,0,0
BRDA:53,4,1,0
BRDA:58,5,0,0
BRDA:58,5,1,0
BRDA:64,6,0,0
BRDA:64,6,1,0
BRDA:64,7,0,0
BRDA:64,7,1,0
BRDA:73,8,0,0
BRDA:73,8,1,0
BRDA:84,9,0,0
BRDA:84,9,1,0
BRDA:91,10,0,0
BRDA:91,10,1,0
BRDA:96,11,0,0
BRDA:96,11,1,0
BRDA:104,12,0,0
BRDA:104,12,1,0
BRDA:113,13,0,0
BRDA:113,13,1,0
BRDA:116,14,0,0
BRDA:116,14,1,0
BRDA:123,15,0,0
BRDA:123,15,1,0
BRDA:126,16,0,0
BRDA:126,16,1,0
BRDA:165,17,0,0
BRDA:165,17,1,0
BRDA:187,18,0,0
BRDA:187,18,1,0
BRDA:199,19,0,0
BRDA:199,19,1,0
BRDA:211,20,0,0
BRDA:211,20,1,0
BRF:44
BRH:0
end_of_record
TN:
SF:src\modules\worship-services\dto\create-worship-service.dto.ts
FNF:0
FNH:0
DA:1,0
DA:2,0
DA:3,0
DA:5,0
DA:8,0
DA:12,0
DA:16,0
DA:20,0
DA:25,0
DA:30,0
LF:10
LH:0
BRF:0
BRH:0
end_of_record
TN:
SF:src\modules\worship-services\dto\list-worship-services-query.dto.ts
FN:24,(anonymous_2)
FN:29,(anonymous_3)
FN:33,(anonymous_4)
FN:34,(anonymous_5)
FNF:4
FNH:0
FNDA:0,(anonymous_2)
FNDA:0,(anonymous_3)
FNDA:0,(anonymous_4)
FNDA:0,(anonymous_5)
DA:1,0
DA:2,0
DA:3,0
DA:6,0
DA:10,0
DA:15,0
DA:20,0
DA:25,0
DA:26,0
DA:28,0
DA:29,0
DA:31,0
DA:33,0
DA:34,0
DA:40,0
LF:15
LH:0
BRDA:25,0,0,0
BRDA:25,0,1,0
BRDA:25,1,0,0
BRDA:25,1,1,0
BRDA:25,1,2,0
BRDA:28,2,0,0
BRDA:28,2,1,0
BRF:7
BRH:0
end_of_record
TN:
SF:src\modules\worship-services\dto\update-worship-service.dto.ts
FNF:0
FNH:0
DA:1,0
DA:2,0
DA:3,0
DA:5,0
DA:9,0
DA:14,0
DA:19,0
DA:24,0
DA:29,0
DA:34,0
LF:10
LH:0
BRF:0
BRH:0
end_of_record
TN:
SF:src\prisma\prisma.module.ts
FNF:0
FNH:0
DA:1,0
DA:2,0
DA:9,0
LF:3
LH:0
BRF:0
BRH:0
end_of_record
TN:
SF:src\prisma\prisma.service.ts
FN:6,(anonymous_1)
FNF:1
FNH:0
FNDA:0,(anonymous_1)
DA:1,5
DA:2,5
DA:5,5
DA:7,0
DA:8,0
DA:13,0
LF:6
LH:3
BRDA:7,0,0,0
BRDA:7,0,1,0
BRF:2
BRH:0
end_of_record
